[2023-09-15T15:32:11.431+0000] {taskinstance.py:1103} INFO - Dependencies all met for dep_context=non-requeueable deps ti=<TaskInstance: eCommerce_ETL_dag.branching scheduled__2023-09-14T00:00:00+00:00 [queued]>
[2023-09-15T15:32:11.453+0000] {taskinstance.py:1103} INFO - Dependencies all met for dep_context=requeueable deps ti=<TaskInstance: eCommerce_ETL_dag.branching scheduled__2023-09-14T00:00:00+00:00 [queued]>
[2023-09-15T15:32:11.457+0000] {taskinstance.py:1308} INFO - Starting attempt 2 of 2
[2023-09-15T15:32:11.484+0000] {taskinstance.py:1327} INFO - Executing <Task(BranchPythonOperator): branching> on 2023-09-14 00:00:00+00:00
[2023-09-15T15:32:11.492+0000] {standard_task_runner.py:57} INFO - Started process 304 to run task
[2023-09-15T15:32:11.504+0000] {standard_task_runner.py:84} INFO - Running: ['***', 'tasks', 'run', 'eCommerce_ETL_dag', 'branching', 'scheduled__2023-09-14T00:00:00+00:00', '--job-id', '5', '--raw', '--subdir', 'DAGS_FOLDER/workflow.py', '--cfg-path', '/tmp/tmp10fv06iy']
[2023-09-15T15:32:11.510+0000] {standard_task_runner.py:85} INFO - Job 5: Subtask branching
[2023-09-15T15:32:11.606+0000] {task_command.py:410} INFO - Running <TaskInstance: eCommerce_ETL_dag.branching scheduled__2023-09-14T00:00:00+00:00 [running]> on host 228226a2581e
[2023-09-15T15:32:11.854+0000] {taskinstance.py:1545} INFO - Exporting env vars: AIRFLOW_CTX_DAG_OWNER='***' AIRFLOW_CTX_DAG_ID='eCommerce_ETL_dag' AIRFLOW_CTX_TASK_ID='branching' AIRFLOW_CTX_EXECUTION_DATE='2023-09-14T00:00:00+00:00' AIRFLOW_CTX_TRY_NUMBER='2' AIRFLOW_CTX_DAG_RUN_ID='scheduled__2023-09-14T00:00:00+00:00'
[2023-09-15T15:32:11.884+0000] {taskinstance.py:1824} ERROR - Task failed with exception
Traceback (most recent call last):
  File "/home/airflow/.local/lib/python3.10/site-packages/airflow/operators/python.py", line 215, in execute
    branch = super().execute(context)
  File "/home/airflow/.local/lib/python3.10/site-packages/airflow/operators/python.py", line 181, in execute
    return_value = self.execute_callable()
  File "/home/airflow/.local/lib/python3.10/site-packages/airflow/operators/python.py", line 198, in execute_callable
    return self.python_callable(*self.op_args, **self.op_kwargs)
  File "/opt/airflow/dags/workflow.py", line 27, in check_table_count
    check = cursor.fetchone()[0]
TypeError: 'NoneType' object is not subscriptable
[2023-09-15T15:32:11.920+0000] {taskinstance.py:1345} INFO - Marking task as FAILED. dag_id=eCommerce_ETL_dag, task_id=branching, execution_date=20230914T000000, start_date=20230915T153211, end_date=20230915T153211
[2023-09-15T15:32:11.949+0000] {standard_task_runner.py:104} ERROR - Failed to execute job 5 for task branching ('NoneType' object is not subscriptable; 304)
[2023-09-15T15:32:12.005+0000] {local_task_job_runner.py:225} INFO - Task exited with return code 1
[2023-09-15T15:32:12.076+0000] {taskinstance.py:2653} INFO - 0 downstream tasks scheduled from follow-on schedule check
[2023-09-15T17:37:15.607+0000] {taskinstance.py:1103} INFO - Dependencies all met for dep_context=non-requeueable deps ti=<TaskInstance: eCommerce_ETL_dag.branching scheduled__2023-09-14T00:00:00+00:00 [queued]>
[2023-09-15T17:37:15.620+0000] {taskinstance.py:1103} INFO - Dependencies all met for dep_context=requeueable deps ti=<TaskInstance: eCommerce_ETL_dag.branching scheduled__2023-09-14T00:00:00+00:00 [queued]>
[2023-09-15T17:37:15.621+0000] {taskinstance.py:1308} INFO - Starting attempt 2 of 2
[2023-09-15T17:37:15.636+0000] {taskinstance.py:1327} INFO - Executing <Task(BranchPythonOperator): branching> on 2023-09-14 00:00:00+00:00
[2023-09-15T17:37:15.643+0000] {standard_task_runner.py:57} INFO - Started process 340 to run task
[2023-09-15T17:37:15.650+0000] {standard_task_runner.py:84} INFO - Running: ['***', 'tasks', 'run', 'eCommerce_ETL_dag', 'branching', 'scheduled__2023-09-14T00:00:00+00:00', '--job-id', '4', '--raw', '--subdir', 'DAGS_FOLDER/workflow.py', '--cfg-path', '/tmp/tmpet157yrc']
[2023-09-15T17:37:15.655+0000] {standard_task_runner.py:85} INFO - Job 4: Subtask branching
[2023-09-15T17:37:15.719+0000] {task_command.py:410} INFO - Running <TaskInstance: eCommerce_ETL_dag.branching scheduled__2023-09-14T00:00:00+00:00 [running]> on host 1b1f4bc7eb40
[2023-09-15T17:37:15.810+0000] {taskinstance.py:1545} INFO - Exporting env vars: AIRFLOW_CTX_DAG_OWNER='***' AIRFLOW_CTX_DAG_ID='eCommerce_ETL_dag' AIRFLOW_CTX_TASK_ID='branching' AIRFLOW_CTX_EXECUTION_DATE='2023-09-14T00:00:00+00:00' AIRFLOW_CTX_TRY_NUMBER='2' AIRFLOW_CTX_DAG_RUN_ID='scheduled__2023-09-14T00:00:00+00:00'
[2023-09-15T17:37:15.820+0000] {taskinstance.py:1824} ERROR - Task failed with exception
Traceback (most recent call last):
  File "/home/airflow/.local/lib/python3.10/site-packages/airflow/operators/python.py", line 215, in execute
    branch = super().execute(context)
  File "/home/airflow/.local/lib/python3.10/site-packages/airflow/operators/python.py", line 181, in execute
    return_value = self.execute_callable()
  File "/home/airflow/.local/lib/python3.10/site-packages/airflow/operators/python.py", line 198, in execute_callable
    return self.python_callable(*self.op_args, **self.op_kwargs)
  File "/opt/airflow/dags/workflow.py", line 21, in check_table_count
    cursor.execute("""
psycopg2.errors.UndefinedColumn: column "usersData" does not exist
LINE 5:                         WHERE table_name = "usersData"
                                                   ^

[2023-09-15T17:37:15.834+0000] {taskinstance.py:1345} INFO - Marking task as FAILED. dag_id=eCommerce_ETL_dag, task_id=branching, execution_date=20230914T000000, start_date=20230915T173715, end_date=20230915T173715
[2023-09-15T17:37:15.850+0000] {standard_task_runner.py:104} ERROR - Failed to execute job 4 for task branching (column "usersData" does not exist
LINE 5:                         WHERE table_name = "usersData"
                                                   ^
; 340)
[2023-09-15T17:37:15.909+0000] {local_task_job_runner.py:225} INFO - Task exited with return code 1
[2023-09-15T17:37:16.037+0000] {taskinstance.py:2653} INFO - 0 downstream tasks scheduled from follow-on schedule check
