[2023-09-15T17:56:33.154+0000] {taskinstance.py:1103} INFO - Dependencies all met for dep_context=non-requeueable deps ti=<TaskInstance: eCommerce_ETL_dag.data_processing manual__2023-09-15T17:55:43.256194+00:00 [queued]>
[2023-09-15T17:56:33.167+0000] {taskinstance.py:1103} INFO - Dependencies all met for dep_context=requeueable deps ti=<TaskInstance: eCommerce_ETL_dag.data_processing manual__2023-09-15T17:55:43.256194+00:00 [queued]>
[2023-09-15T17:56:33.169+0000] {taskinstance.py:1308} INFO - Starting attempt 1 of 2
[2023-09-15T17:56:33.189+0000] {taskinstance.py:1327} INFO - Executing <Task(BashOperator): data_processing> on 2023-09-15 17:55:43.256194+00:00
[2023-09-15T17:56:33.197+0000] {standard_task_runner.py:57} INFO - Started process 1247 to run task
[2023-09-15T17:56:33.206+0000] {standard_task_runner.py:84} INFO - Running: ['***', 'tasks', 'run', 'eCommerce_ETL_dag', 'data_processing', 'manual__2023-09-15T17:55:43.256194+00:00', '--job-id', '20', '--raw', '--subdir', 'DAGS_FOLDER/workflow.py', '--cfg-path', '/tmp/tmp62n2nnnl']
[2023-09-15T17:56:33.211+0000] {standard_task_runner.py:85} INFO - Job 20: Subtask data_processing
[2023-09-15T17:56:33.285+0000] {task_command.py:410} INFO - Running <TaskInstance: eCommerce_ETL_dag.data_processing manual__2023-09-15T17:55:43.256194+00:00 [running]> on host 1b1f4bc7eb40
[2023-09-15T17:56:33.388+0000] {taskinstance.py:1545} INFO - Exporting env vars: AIRFLOW_CTX_DAG_OWNER='***' AIRFLOW_CTX_DAG_ID='eCommerce_ETL_dag' AIRFLOW_CTX_TASK_ID='data_processing' AIRFLOW_CTX_EXECUTION_DATE='2023-09-15T17:55:43.256194+00:00' AIRFLOW_CTX_TRY_NUMBER='1' AIRFLOW_CTX_DAG_RUN_ID='manual__2023-09-15T17:55:43.256194+00:00'
[2023-09-15T17:56:33.392+0000] {subprocess.py:63} INFO - Tmp dir root location: /tmp
[2023-09-15T17:56:33.394+0000] {subprocess.py:75} INFO - Running command: ['/bin/bash', '-c', 'cd /usr/local && spark-submit --master spark://spark-master:7077 ./DataProcessing-assembly-0.1.jar']
[2023-09-15T17:56:33.407+0000] {subprocess.py:86} INFO - Output:
[2023-09-15T17:56:33.441+0000] {subprocess.py:93} INFO - /usr/local/spark/bin/load-spark-env.sh: line 68: ps: command not found
[2023-09-15T17:56:35.878+0000] {subprocess.py:93} INFO - WARNING: An illegal reflective access operation has occurred
[2023-09-15T17:56:35.881+0000] {subprocess.py:93} INFO - WARNING: Illegal reflective access by org.apache.spark.unsafe.Platform (file:/usr/local/spark/assembly/target/scala-2.12/jars/spark-unsafe_2.12-3.2.4.jar) to constructor java.nio.DirectByteBuffer(long,int)
[2023-09-15T17:56:35.882+0000] {subprocess.py:93} INFO - WARNING: Please consider reporting this to the maintainers of org.apache.spark.unsafe.Platform
[2023-09-15T17:56:35.884+0000] {subprocess.py:93} INFO - WARNING: Use --illegal-access=warn to enable warnings of further illegal reflective access operations
[2023-09-15T17:56:35.885+0000] {subprocess.py:93} INFO - WARNING: All illegal access operations will be denied in a future release
[2023-09-15T17:56:36.584+0000] {subprocess.py:93} INFO - 23/09/15 17:56:36 WARN NativeCodeLoader: Unable to load native-hadoop library for your platform... using builtin-java classes where applicable
[2023-09-15T17:56:37.013+0000] {subprocess.py:93} INFO - Using Spark's default log4j profile: org/apache/spark/log4j-defaults.properties
[2023-09-15T17:59:31.601+0000] {subprocess.py:97} INFO - Command exited with return code 0
[2023-09-15T17:59:31.645+0000] {taskinstance.py:1345} INFO - Marking task as SUCCESS. dag_id=eCommerce_ETL_dag, task_id=data_processing, execution_date=20230915T175543, start_date=20230915T175633, end_date=20230915T175931
[2023-09-15T17:59:31.713+0000] {local_task_job_runner.py:225} INFO - Task exited with return code 0
[2023-09-15T17:59:31.738+0000] {taskinstance.py:2653} INFO - 0 downstream tasks scheduled from follow-on schedule check
