[2023-08-25T09:58:05.978+0000] {manager.py:487} INFO - Processing files using up to 2 processes at a time 
[2023-08-25T09:58:05.982+0000] {manager.py:488} INFO - Process each file at most once every 30 seconds
[2023-08-25T09:58:05.987+0000] {manager.py:490} INFO - Checking for new files in /opt/airflow/dags every 300 seconds
[2023-08-25T09:58:06.000+0000] {manager.py:758} INFO - Searching for files in /opt/airflow/dags
[2023-08-25T09:58:06.188+0000] {manager.py:761} INFO - There are 1 files in /opt/airflow/dags
[2023-08-25T09:58:07.988+0000] {manager.py:889} INFO - 
================================================================================
DAG File Processing Stats

File Path                        PID  Runtime      # DAGs    # Errors  Last Runtime    Last Run
-----------------------------  -----  ---------  --------  ----------  --------------  ----------
/opt/airflow/dags/workflow.py    163  0.43s             0           0
================================================================================
[2023-08-25T09:58:39.280+0000] {manager.py:889} INFO - 
================================================================================
DAG File Processing Stats

File Path                        PID  Runtime      # DAGs    # Errors  Last Runtime    Last Run
-----------------------------  -----  ---------  --------  ----------  --------------  -------------------
/opt/airflow/dags/workflow.py    175  0.33s             0           1  0.53s           2023-08-25T09:58:08
================================================================================
[2023-08-25T09:59:09.396+0000] {manager.py:889} INFO - 
================================================================================
DAG File Processing Stats

File Path                      PID    Runtime      # DAGs    # Errors  Last Runtime    Last Run
-----------------------------  -----  ---------  --------  ----------  --------------  -------------------
/opt/airflow/dags/workflow.py                           0           1  3.14s           2023-08-25T09:58:42
================================================================================
[2023-08-25T09:59:39.591+0000] {manager.py:889} INFO - 
================================================================================
DAG File Processing Stats

File Path                      PID    Runtime      # DAGs    # Errors  Last Runtime    Last Run
-----------------------------  -----  ---------  --------  ----------  --------------  -------------------
/opt/airflow/dags/workflow.py                           0           1  0.13s           2023-08-25T09:59:12
================================================================================
[2023-08-25T10:00:10.018+0000] {manager.py:889} INFO - 
================================================================================
DAG File Processing Stats

File Path                      PID    Runtime      # DAGs    # Errors  Last Runtime    Last Run
-----------------------------  -----  ---------  --------  ----------  --------------  -------------------
/opt/airflow/dags/workflow.py                           0           1  0.27s           2023-08-25T09:59:42
================================================================================
[2023-08-25T10:00:40.451+0000] {manager.py:889} INFO - 
================================================================================
DAG File Processing Stats

File Path                      PID    Runtime      # DAGs    # Errors  Last Runtime    Last Run
-----------------------------  -----  ---------  --------  ----------  --------------  -------------------
/opt/airflow/dags/workflow.py                           0           1  0.18s           2023-08-25T10:00:13
================================================================================
[2023-08-25T10:01:10.534+0000] {manager.py:889} INFO - 
================================================================================
DAG File Processing Stats

File Path                      PID    Runtime      # DAGs    # Errors  Last Runtime    Last Run
-----------------------------  -----  ---------  --------  ----------  --------------  -------------------
/opt/airflow/dags/workflow.py                           0           1  0.71s           2023-08-25T10:00:44
================================================================================
[2023-08-25T10:01:40.746+0000] {manager.py:889} INFO - 
================================================================================
DAG File Processing Stats

File Path                      PID    Runtime      # DAGs    # Errors  Last Runtime    Last Run
-----------------------------  -----  ---------  --------  ----------  --------------  -------------------
/opt/airflow/dags/workflow.py                           0           1  0.20s           2023-08-25T10:01:14
================================================================================
[2023-08-25T10:02:11.312+0000] {manager.py:889} INFO - 
================================================================================
DAG File Processing Stats

File Path                      PID    Runtime      # DAGs    # Errors  Last Runtime    Last Run
-----------------------------  -----  ---------  --------  ----------  --------------  -------------------
/opt/airflow/dags/workflow.py                           0           1  0.25s           2023-08-25T10:01:45
================================================================================
[2023-08-25T10:02:41.694+0000] {manager.py:889} INFO - 
================================================================================
DAG File Processing Stats

File Path                      PID    Runtime      # DAGs    # Errors  Last Runtime    Last Run
-----------------------------  -----  ---------  --------  ----------  --------------  -------------------
/opt/airflow/dags/workflow.py                           0           1  0.15s           2023-08-25T10:02:15
================================================================================
[2023-08-25T10:03:06.118+0000] {manager.py:758} INFO - Searching for files in /opt/airflow/dags
[2023-08-25T10:03:06.223+0000] {manager.py:761} INFO - There are 1 files in /opt/airflow/dags
[2023-08-25T10:03:11.857+0000] {manager.py:889} INFO - 
================================================================================
DAG File Processing Stats

File Path                      PID    Runtime      # DAGs    # Errors  Last Runtime    Last Run
-----------------------------  -----  ---------  --------  ----------  --------------  -------------------
/opt/airflow/dags/workflow.py                           0           1  0.20s           2023-08-25T10:02:45
================================================================================
[2023-08-25T10:03:42.494+0000] {manager.py:889} INFO - 
================================================================================
DAG File Processing Stats

File Path                      PID    Runtime      # DAGs    # Errors  Last Runtime    Last Run
-----------------------------  -----  ---------  --------  ----------  --------------  -------------------
/opt/airflow/dags/workflow.py                           0           1  0.16s           2023-08-25T10:03:16
================================================================================
[2023-08-25T10:04:12.835+0000] {manager.py:889} INFO - 
================================================================================
DAG File Processing Stats

File Path                      PID    Runtime      # DAGs    # Errors  Last Runtime    Last Run
-----------------------------  -----  ---------  --------  ----------  --------------  -------------------
/opt/airflow/dags/workflow.py                           0           1  0.14s           2023-08-25T10:03:46
================================================================================
[2023-08-25T10:04:43.443+0000] {manager.py:889} INFO - 
================================================================================
DAG File Processing Stats

File Path                      PID    Runtime      # DAGs    # Errors  Last Runtime    Last Run
-----------------------------  -----  ---------  --------  ----------  --------------  -------------------
/opt/airflow/dags/workflow.py                           0           1  0.29s           2023-08-25T10:04:17
================================================================================
[2023-08-25T10:05:14.071+0000] {manager.py:889} INFO - 
================================================================================
DAG File Processing Stats

File Path                      PID    Runtime      # DAGs    # Errors  Last Runtime    Last Run
-----------------------------  -----  ---------  --------  ----------  --------------  -------------------
/opt/airflow/dags/workflow.py                           0           1  0.16s           2023-08-25T10:04:47
================================================================================
[2023-08-25T10:05:44.260+0000] {manager.py:889} INFO - 
================================================================================
DAG File Processing Stats

File Path                      PID    Runtime      # DAGs    # Errors  Last Runtime    Last Run
-----------------------------  -----  ---------  --------  ----------  --------------  -------------------
/opt/airflow/dags/workflow.py                           0           1  0.51s           2023-08-25T10:05:18
================================================================================
[2023-08-25T10:06:04.377+0000] {manager.py:470} INFO - Exiting gracefully upon receiving signal 15
[2023-08-25T10:17:46.760+0000] {manager.py:487} INFO - Processing files using up to 2 processes at a time 
[2023-08-25T10:17:46.765+0000] {manager.py:488} INFO - Process each file at most once every 30 seconds
[2023-08-25T10:17:46.769+0000] {manager.py:490} INFO - Checking for new files in /opt/airflow/dags every 300 seconds
[2023-08-25T10:17:46.772+0000] {manager.py:758} INFO - Searching for files in /opt/airflow/dags
[2023-08-25T10:17:46.884+0000] {manager.py:761} INFO - There are 1 files in /opt/airflow/dags
[2023-08-25T10:17:47.721+0000] {manager.py:889} INFO - 
================================================================================
DAG File Processing Stats

File Path                        PID  Runtime      # DAGs    # Errors  Last Runtime    Last Run
-----------------------------  -----  ---------  --------  ----------  --------------  ----------
/opt/airflow/dags/workflow.py    164  0.10s             0           0
================================================================================
[2023-08-25T10:18:17.902+0000] {manager.py:889} INFO - 
================================================================================
DAG File Processing Stats

File Path                        PID  Runtime      # DAGs    # Errors  Last Runtime    Last Run
-----------------------------  -----  ---------  --------  ----------  --------------  -------------------
/opt/airflow/dags/workflow.py    176  0.01s             0           1  0.19s           2023-08-25T10:17:47
================================================================================
[2023-08-25T10:18:48.165+0000] {manager.py:889} INFO - 
================================================================================
DAG File Processing Stats

File Path                        PID  Runtime      # DAGs    # Errors  Last Runtime    Last Run
-----------------------------  -----  ---------  --------  ----------  --------------  -------------------
/opt/airflow/dags/workflow.py    187  0.01s             0           1  0.14s           2023-08-25T10:18:18
================================================================================
[2023-08-25T10:19:18.640+0000] {manager.py:889} INFO - 
================================================================================
DAG File Processing Stats

File Path                        PID  Runtime      # DAGs    # Errors  Last Runtime    Last Run
-----------------------------  -----  ---------  --------  ----------  --------------  -------------------
/opt/airflow/dags/workflow.py    199  0.02s             0           1  0.12s           2023-08-25T10:18:48
================================================================================
[2023-08-25T10:19:48.961+0000] {manager.py:889} INFO - 
================================================================================
DAG File Processing Stats

File Path                        PID  Runtime      # DAGs    # Errors  Last Runtime    Last Run
-----------------------------  -----  ---------  --------  ----------  --------------  -------------------
/opt/airflow/dags/workflow.py    211  0.01s             0           1  0.21s           2023-08-25T10:19:18
================================================================================
[2023-08-25T10:20:19.481+0000] {manager.py:889} INFO - 
================================================================================
DAG File Processing Stats

File Path                        PID  Runtime      # DAGs    # Errors  Last Runtime    Last Run
-----------------------------  -----  ---------  --------  ----------  --------------  -------------------
/opt/airflow/dags/workflow.py    223  0.01s             0           1  0.15s           2023-08-25T10:19:49
================================================================================
[2023-08-25T10:20:49.776+0000] {manager.py:889} INFO - 
================================================================================
DAG File Processing Stats

File Path                        PID  Runtime      # DAGs    # Errors  Last Runtime    Last Run
-----------------------------  -----  ---------  --------  ----------  --------------  -------------------
/opt/airflow/dags/workflow.py    235  0.01s             0           1  0.28s           2023-08-25T10:20:19
================================================================================
[2023-08-25T10:21:20.069+0000] {manager.py:889} INFO - 
================================================================================
DAG File Processing Stats

File Path                        PID  Runtime      # DAGs    # Errors  Last Runtime    Last Run
-----------------------------  -----  ---------  --------  ----------  --------------  -------------------
/opt/airflow/dags/workflow.py    247  0.02s             0           1  0.13s           2023-08-25T10:20:49
================================================================================
[2023-08-25T10:21:50.451+0000] {manager.py:889} INFO - 
================================================================================
DAG File Processing Stats

File Path                        PID  Runtime      # DAGs    # Errors  Last Runtime    Last Run
-----------------------------  -----  ---------  --------  ----------  --------------  -------------------
/opt/airflow/dags/workflow.py    259  0.01s             0           1  0.31s           2023-08-25T10:21:20
================================================================================
[2023-08-25T10:22:20.944+0000] {manager.py:889} INFO - 
================================================================================
DAG File Processing Stats

File Path                        PID  Runtime      # DAGs    # Errors  Last Runtime    Last Run
-----------------------------  -----  ---------  --------  ----------  --------------  -------------------
/opt/airflow/dags/workflow.py    271  0.01s             0           1  0.20s           2023-08-25T10:21:50
================================================================================
[2023-08-25T10:22:47.174+0000] {manager.py:758} INFO - Searching for files in /opt/airflow/dags
[2023-08-25T10:22:47.282+0000] {manager.py:761} INFO - There are 1 files in /opt/airflow/dags
[2023-08-25T10:22:51.367+0000] {manager.py:889} INFO - 
================================================================================
DAG File Processing Stats

File Path                        PID  Runtime      # DAGs    # Errors  Last Runtime    Last Run
-----------------------------  -----  ---------  --------  ----------  --------------  -------------------
/opt/airflow/dags/workflow.py    284  0.01s             0           1  0.29s           2023-08-25T10:22:21
================================================================================
[2023-08-25T10:23:21.732+0000] {manager.py:889} INFO - 
================================================================================
DAG File Processing Stats

File Path                        PID  Runtime      # DAGs    # Errors  Last Runtime    Last Run
-----------------------------  -----  ---------  --------  ----------  --------------  -------------------
/opt/airflow/dags/workflow.py    296  0.02s             0           1  0.16s           2023-08-25T10:22:51
================================================================================
[2023-08-25T10:23:41.847+0000] {manager.py:470} INFO - Exiting gracefully upon receiving signal 15
[2023-08-25T10:25:08.101+0000] {manager.py:487} INFO - Processing files using up to 2 processes at a time 
[2023-08-25T10:25:08.122+0000] {manager.py:488} INFO - Process each file at most once every 30 seconds
[2023-08-25T10:25:08.128+0000] {manager.py:490} INFO - Checking for new files in /opt/airflow/dags every 300 seconds
[2023-08-25T10:25:08.131+0000] {manager.py:758} INFO - Searching for files in /opt/airflow/dags
[2023-08-25T10:25:08.397+0000] {manager.py:761} INFO - There are 1 files in /opt/airflow/dags
[2023-08-25T10:25:12.342+0000] {manager.py:889} INFO - 
================================================================================
DAG File Processing Stats

File Path                        PID  Runtime      # DAGs    # Errors  Last Runtime    Last Run
-----------------------------  -----  ---------  --------  ----------  --------------  ----------
/opt/airflow/dags/workflow.py    164  0.50s             0           0
================================================================================
[2023-08-25T10:25:42.878+0000] {manager.py:889} INFO - 
================================================================================
DAG File Processing Stats

File Path                        PID  Runtime      # DAGs    # Errors  Last Runtime    Last Run
-----------------------------  -----  ---------  --------  ----------  --------------  -------------------
/opt/airflow/dags/workflow.py    175  0.03s             0           1  0.59s           2023-08-25T10:25:12
================================================================================
[2023-08-25T10:26:13.091+0000] {manager.py:889} INFO - 
================================================================================
DAG File Processing Stats

File Path                      PID    Runtime      # DAGs    # Errors  Last Runtime    Last Run
-----------------------------  -----  ---------  --------  ----------  --------------  -------------------
/opt/airflow/dags/workflow.py                           0           1  0.87s           2023-08-25T10:25:43
================================================================================
[2023-08-25T10:26:43.835+0000] {manager.py:889} INFO - 
================================================================================
DAG File Processing Stats

File Path                      PID    Runtime      # DAGs    # Errors  Last Runtime    Last Run
-----------------------------  -----  ---------  --------  ----------  --------------  -------------------
/opt/airflow/dags/workflow.py                           0           1  0.55s           2023-08-25T10:26:14
================================================================================
[2023-08-25T10:27:14.244+0000] {manager.py:889} INFO - 
================================================================================
DAG File Processing Stats

File Path                      PID    Runtime      # DAGs    # Errors  Last Runtime    Last Run
-----------------------------  -----  ---------  --------  ----------  --------------  -------------------
/opt/airflow/dags/workflow.py                           0           1  0.43s           2023-08-25T10:26:45
================================================================================
[2023-08-25T10:27:44.650+0000] {manager.py:889} INFO - 
================================================================================
DAG File Processing Stats

File Path                      PID    Runtime      # DAGs    # Errors  Last Runtime    Last Run
-----------------------------  -----  ---------  --------  ----------  --------------  -------------------
/opt/airflow/dags/workflow.py                           0           1  0.17s           2023-08-25T10:27:15
================================================================================
[2023-08-25T10:28:14.909+0000] {manager.py:889} INFO - 
================================================================================
DAG File Processing Stats

File Path                      PID    Runtime      # DAGs    # Errors  Last Runtime    Last Run
-----------------------------  -----  ---------  --------  ----------  --------------  -------------------
/opt/airflow/dags/workflow.py                           0           1  0.16s           2023-08-25T10:27:45
================================================================================
[2023-08-25T10:28:45.126+0000] {manager.py:889} INFO - 
================================================================================
DAG File Processing Stats

File Path                      PID    Runtime      # DAGs    # Errors  Last Runtime    Last Run
-----------------------------  -----  ---------  --------  ----------  --------------  -------------------
/opt/airflow/dags/workflow.py                           0           1  0.21s           2023-08-25T10:28:16
================================================================================
[2023-08-25T10:29:15.512+0000] {manager.py:889} INFO - 
================================================================================
DAG File Processing Stats

File Path                      PID    Runtime      # DAGs    # Errors  Last Runtime    Last Run
-----------------------------  -----  ---------  --------  ----------  --------------  -------------------
/opt/airflow/dags/workflow.py                           0           1  0.26s           2023-08-25T10:28:46
================================================================================
[2023-08-25T10:29:45.907+0000] {manager.py:889} INFO - 
================================================================================
DAG File Processing Stats

File Path                      PID    Runtime      # DAGs    # Errors  Last Runtime    Last Run
-----------------------------  -----  ---------  --------  ----------  --------------  -------------------
/opt/airflow/dags/workflow.py                           0           1  0.18s           2023-08-25T10:29:16
================================================================================
[2023-08-25T10:30:08.187+0000] {manager.py:758} INFO - Searching for files in /opt/airflow/dags
[2023-08-25T10:30:08.263+0000] {manager.py:761} INFO - There are 1 files in /opt/airflow/dags
[2023-08-25T10:30:16.357+0000] {manager.py:889} INFO - 
================================================================================
DAG File Processing Stats

File Path                      PID    Runtime      # DAGs    # Errors  Last Runtime    Last Run
-----------------------------  -----  ---------  --------  ----------  --------------  -------------------
/opt/airflow/dags/workflow.py                           0           1  0.13s           2023-08-25T10:29:47
================================================================================
[2023-08-25T10:30:46.590+0000] {manager.py:889} INFO - 
================================================================================
DAG File Processing Stats

File Path                      PID    Runtime      # DAGs    # Errors  Last Runtime    Last Run
-----------------------------  -----  ---------  --------  ----------  --------------  -------------------
/opt/airflow/dags/workflow.py                           0           1  0.19s           2023-08-25T10:30:17
================================================================================
[2023-08-25T10:31:02.481+0000] {manager.py:470} INFO - Exiting gracefully upon receiving signal 15
[2023-08-25T10:32:38.155+0000] {manager.py:487} INFO - Processing files using up to 2 processes at a time 
[2023-08-25T10:32:38.160+0000] {manager.py:488} INFO - Process each file at most once every 30 seconds
[2023-08-25T10:32:38.163+0000] {manager.py:490} INFO - Checking for new files in /opt/airflow/dags every 300 seconds
[2023-08-25T10:32:38.166+0000] {manager.py:758} INFO - Searching for files in /opt/airflow/dags
[2023-08-25T10:32:38.281+0000] {manager.py:761} INFO - There are 1 files in /opt/airflow/dags
[2023-08-25T10:32:40.361+0000] {manager.py:889} INFO - 
================================================================================
DAG File Processing Stats

File Path                        PID  Runtime      # DAGs    # Errors  Last Runtime    Last Run
-----------------------------  -----  ---------  --------  ----------  --------------  ----------
/opt/airflow/dags/workflow.py    164  0.25s             0           0
================================================================================
[2023-08-25T10:33:11.164+0000] {manager.py:889} INFO - 
================================================================================
DAG File Processing Stats

File Path                        PID  Runtime      # DAGs    # Errors  Last Runtime    Last Run
-----------------------------  -----  ---------  --------  ----------  --------------  -------------------
/opt/airflow/dags/workflow.py    176  0.03s             0           1  0.34s           2023-08-25T10:32:40
================================================================================
[2023-08-25T10:33:41.926+0000] {manager.py:889} INFO - 
================================================================================
DAG File Processing Stats

File Path                        PID  Runtime      # DAGs    # Errors  Last Runtime    Last Run
-----------------------------  -----  ---------  --------  ----------  --------------  -------------------
/opt/airflow/dags/workflow.py    188  0.01s             0           1  0.26s           2023-08-25T10:33:11
================================================================================
[2023-08-25T10:34:12.108+0000] {manager.py:889} INFO - 
================================================================================
DAG File Processing Stats

File Path                      PID    Runtime      # DAGs    # Errors  Last Runtime    Last Run
-----------------------------  -----  ---------  --------  ----------  --------------  -------------------
/opt/airflow/dags/workflow.py                           0           1  0.22s           2023-08-25T10:33:42
================================================================================
[2023-08-25T10:34:42.184+0000] {manager.py:889} INFO - 
================================================================================
DAG File Processing Stats

File Path                      PID    Runtime      # DAGs    # Errors  Last Runtime    Last Run
-----------------------------  -----  ---------  --------  ----------  --------------  -------------------
/opt/airflow/dags/workflow.py                           0           1  0.44s           2023-08-25T10:34:12
================================================================================
[2023-08-25T10:35:12.386+0000] {manager.py:889} INFO - 
================================================================================
DAG File Processing Stats

File Path                      PID    Runtime      # DAGs    # Errors  Last Runtime    Last Run
-----------------------------  -----  ---------  --------  ----------  --------------  -------------------
/opt/airflow/dags/workflow.py                           0           1  0.18s           2023-08-25T10:34:43
================================================================================
[2023-08-25T10:35:42.699+0000] {manager.py:889} INFO - 
================================================================================
DAG File Processing Stats

File Path                      PID    Runtime      # DAGs    # Errors  Last Runtime    Last Run
-----------------------------  -----  ---------  --------  ----------  --------------  -------------------
/opt/airflow/dags/workflow.py                           0           1  0.12s           2023-08-25T10:35:13
================================================================================
[2023-08-25T10:36:12.940+0000] {manager.py:889} INFO - 
================================================================================
DAG File Processing Stats

File Path                      PID    Runtime      # DAGs    # Errors  Last Runtime    Last Run
-----------------------------  -----  ---------  --------  ----------  --------------  -------------------
/opt/airflow/dags/workflow.py                           0           1  0.16s           2023-08-25T10:35:43
================================================================================
[2023-08-25T10:36:43.182+0000] {manager.py:889} INFO - 
================================================================================
DAG File Processing Stats

File Path                      PID    Runtime      # DAGs    # Errors  Last Runtime    Last Run
-----------------------------  -----  ---------  --------  ----------  --------------  -------------------
/opt/airflow/dags/workflow.py                           0           1  0.16s           2023-08-25T10:36:14
================================================================================
[2023-08-25T10:37:13.364+0000] {manager.py:889} INFO - 
================================================================================
DAG File Processing Stats

File Path                      PID    Runtime      # DAGs    # Errors  Last Runtime    Last Run
-----------------------------  -----  ---------  --------  ----------  --------------  -------------------
/opt/airflow/dags/workflow.py                           0           1  0.16s           2023-08-25T10:36:44
================================================================================
[2023-08-25T10:37:38.603+0000] {manager.py:758} INFO - Searching for files in /opt/airflow/dags
[2023-08-25T10:37:38.775+0000] {manager.py:761} INFO - There are 1 files in /opt/airflow/dags
[2023-08-25T10:37:43.902+0000] {manager.py:889} INFO - 
================================================================================
DAG File Processing Stats

File Path                      PID    Runtime      # DAGs    # Errors  Last Runtime    Last Run
-----------------------------  -----  ---------  --------  ----------  --------------  -------------------
/opt/airflow/dags/workflow.py                           0           1  0.15s           2023-08-25T10:37:14
================================================================================
[2023-08-25T10:38:14.066+0000] {manager.py:889} INFO - 
================================================================================
DAG File Processing Stats

File Path                      PID    Runtime      # DAGs    # Errors  Last Runtime    Last Run
-----------------------------  -----  ---------  --------  ----------  --------------  -------------------
/opt/airflow/dags/workflow.py                           0           1  0.12s           2023-08-25T10:37:45
================================================================================
[2023-08-25T10:38:44.321+0000] {manager.py:889} INFO - 
================================================================================
DAG File Processing Stats

File Path                      PID    Runtime      # DAGs    # Errors  Last Runtime    Last Run
-----------------------------  -----  ---------  --------  ----------  --------------  -------------------
/opt/airflow/dags/workflow.py                           0           1  0.18s           2023-08-25T10:38:15
================================================================================
[2023-08-25T10:39:43.550+0000] {manager.py:487} INFO - Processing files using up to 2 processes at a time 
[2023-08-25T10:39:43.557+0000] {manager.py:488} INFO - Process each file at most once every 30 seconds
[2023-08-25T10:39:43.570+0000] {manager.py:490} INFO - Checking for new files in /opt/airflow/dags every 300 seconds
[2023-08-25T10:39:43.573+0000] {manager.py:758} INFO - Searching for files in /opt/airflow/dags
[2023-08-25T10:39:43.682+0000] {manager.py:761} INFO - There are 1 files in /opt/airflow/dags
[2023-08-25T10:39:43.971+0000] {manager.py:889} INFO - 
================================================================================
DAG File Processing Stats

File Path                        PID  Runtime      # DAGs    # Errors  Last Runtime    Last Run
-----------------------------  -----  ---------  --------  ----------  --------------  ----------
/opt/airflow/dags/workflow.py    163  0.09s             0           0
================================================================================
[2023-08-25T10:40:14.890+0000] {manager.py:889} INFO - 
================================================================================
DAG File Processing Stats

File Path                        PID  Runtime      # DAGs    # Errors  Last Runtime    Last Run
-----------------------------  -----  ---------  --------  ----------  --------------  -------------------
/opt/airflow/dags/workflow.py    176  0.01s             0           1  0.21s           2023-08-25T10:39:44
================================================================================
[2023-08-25T10:40:45.126+0000] {manager.py:889} INFO - 
================================================================================
DAG File Processing Stats

File Path                        PID  Runtime      # DAGs    # Errors  Last Runtime    Last Run
-----------------------------  -----  ---------  --------  ----------  --------------  -------------------
/opt/airflow/dags/workflow.py    188  0.00s             0           1  0.22s           2023-08-25T10:40:15
================================================================================
[2023-08-25T10:41:15.372+0000] {manager.py:889} INFO - 
================================================================================
DAG File Processing Stats

File Path                        PID  Runtime      # DAGs    # Errors  Last Runtime    Last Run
-----------------------------  -----  ---------  --------  ----------  --------------  -------------------
/opt/airflow/dags/workflow.py    200  0.01s             0           1  0.15s           2023-08-25T10:40:45
================================================================================
[2023-08-25T10:41:45.543+0000] {manager.py:889} INFO - 
================================================================================
DAG File Processing Stats

File Path                      PID    Runtime      # DAGs    # Errors  Last Runtime    Last Run
-----------------------------  -----  ---------  --------  ----------  --------------  -------------------
/opt/airflow/dags/workflow.py                           0           1  0.21s           2023-08-25T10:41:15
================================================================================
[2023-08-25T10:42:15.980+0000] {manager.py:889} INFO - 
================================================================================
DAG File Processing Stats

File Path                        PID  Runtime      # DAGs    # Errors  Last Runtime    Last Run
-----------------------------  -----  ---------  --------  ----------  --------------  -------------------
/opt/airflow/dags/workflow.py    222  0.01s             0           1  0.11s           2023-08-25T10:41:45
================================================================================
[2023-08-25T10:42:46.173+0000] {manager.py:889} INFO - 
================================================================================
DAG File Processing Stats

File Path                        PID  Runtime      # DAGs    # Errors  Last Runtime    Last Run
-----------------------------  -----  ---------  --------  ----------  --------------  -------------------
/opt/airflow/dags/workflow.py    233  0.01s             0           1  0.17s           2023-08-25T10:42:16
================================================================================
[2023-08-25T10:43:16.600+0000] {manager.py:889} INFO - 
================================================================================
DAG File Processing Stats

File Path                        PID  Runtime      # DAGs    # Errors  Last Runtime    Last Run
-----------------------------  -----  ---------  --------  ----------  --------------  -------------------
/opt/airflow/dags/workflow.py    245  0.03s             0           1  0.19s           2023-08-25T10:42:46
================================================================================
[2023-08-25T10:43:46.854+0000] {manager.py:889} INFO - 
================================================================================
DAG File Processing Stats

File Path                      PID    Runtime      # DAGs    # Errors  Last Runtime    Last Run
-----------------------------  -----  ---------  --------  ----------  --------------  -------------------
/opt/airflow/dags/workflow.py                           0           1  0.40s           2023-08-25T10:43:16
================================================================================
[2023-08-25T10:44:16.921+0000] {manager.py:889} INFO - 
================================================================================
DAG File Processing Stats

File Path                      PID    Runtime      # DAGs    # Errors  Last Runtime    Last Run
-----------------------------  -----  ---------  --------  ----------  --------------  -------------------
/opt/airflow/dags/workflow.py                           0           1  0.43s           2023-08-25T10:43:47
================================================================================
[2023-08-25T10:44:44.086+0000] {manager.py:758} INFO - Searching for files in /opt/airflow/dags
[2023-08-25T10:44:44.226+0000] {manager.py:761} INFO - There are 1 files in /opt/airflow/dags
[2023-08-25T10:44:47.268+0000] {manager.py:889} INFO - 
================================================================================
DAG File Processing Stats

File Path                      PID    Runtime      # DAGs    # Errors  Last Runtime    Last Run
-----------------------------  -----  ---------  --------  ----------  --------------  -------------------
/opt/airflow/dags/workflow.py                           0           1  0.17s           2023-08-25T10:44:18
================================================================================
[2023-08-25T10:45:17.459+0000] {manager.py:889} INFO - 
================================================================================
DAG File Processing Stats

File Path                      PID    Runtime      # DAGs    # Errors  Last Runtime    Last Run
-----------------------------  -----  ---------  --------  ----------  --------------  -------------------
/opt/airflow/dags/workflow.py                           0           1  0.27s           2023-08-25T10:44:48
================================================================================
[2023-08-25T10:45:48.004+0000] {manager.py:889} INFO - 
================================================================================
DAG File Processing Stats

File Path                      PID    Runtime      # DAGs    # Errors  Last Runtime    Last Run
-----------------------------  -----  ---------  --------  ----------  --------------  -------------------
/opt/airflow/dags/workflow.py                           0           1  0.15s           2023-08-25T10:45:19
================================================================================
[2023-08-25T10:46:18.319+0000] {manager.py:889} INFO - 
================================================================================
DAG File Processing Stats

File Path                      PID    Runtime      # DAGs    # Errors  Last Runtime    Last Run
-----------------------------  -----  ---------  --------  ----------  --------------  -------------------
/opt/airflow/dags/workflow.py                           0           1  0.18s           2023-08-25T10:45:49
================================================================================
[2023-08-25T10:46:48.977+0000] {manager.py:889} INFO - 
================================================================================
DAG File Processing Stats

File Path                      PID    Runtime      # DAGs    # Errors  Last Runtime    Last Run
-----------------------------  -----  ---------  --------  ----------  --------------  -------------------
/opt/airflow/dags/workflow.py                           0           1  0.13s           2023-08-25T10:46:19
================================================================================
[2023-08-25T10:47:19.159+0000] {manager.py:889} INFO - 
================================================================================
DAG File Processing Stats

File Path                      PID    Runtime      # DAGs    # Errors  Last Runtime    Last Run
-----------------------------  -----  ---------  --------  ----------  --------------  -------------------
/opt/airflow/dags/workflow.py                           0           1  0.13s           2023-08-25T10:46:50
================================================================================
[2023-08-25T10:47:49.421+0000] {manager.py:889} INFO - 
================================================================================
DAG File Processing Stats

File Path                      PID    Runtime      # DAGs    # Errors  Last Runtime    Last Run
-----------------------------  -----  ---------  --------  ----------  --------------  -------------------
/opt/airflow/dags/workflow.py                           0           1  0.14s           2023-08-25T10:47:20
================================================================================
[2023-08-25T10:48:19.599+0000] {manager.py:889} INFO - 
================================================================================
DAG File Processing Stats

File Path                      PID    Runtime      # DAGs    # Errors  Last Runtime    Last Run
-----------------------------  -----  ---------  --------  ----------  --------------  -------------------
/opt/airflow/dags/workflow.py                           0           1  0.22s           2023-08-25T10:47:50
================================================================================
[2023-08-25T10:48:50.099+0000] {manager.py:889} INFO - 
================================================================================
DAG File Processing Stats

File Path                      PID    Runtime      # DAGs    # Errors  Last Runtime    Last Run
-----------------------------  -----  ---------  --------  ----------  --------------  -------------------
/opt/airflow/dags/workflow.py                           0           1  0.17s           2023-08-25T10:48:20
================================================================================
[2023-08-25T10:49:20.264+0000] {manager.py:889} INFO - 
================================================================================
DAG File Processing Stats

File Path                      PID    Runtime      # DAGs    # Errors  Last Runtime    Last Run
-----------------------------  -----  ---------  --------  ----------  --------------  -------------------
/opt/airflow/dags/workflow.py                           0           1  0.15s           2023-08-25T10:48:51
================================================================================
[2023-08-25T10:49:44.944+0000] {manager.py:758} INFO - Searching for files in /opt/airflow/dags
[2023-08-25T10:49:45.007+0000] {manager.py:761} INFO - There are 1 files in /opt/airflow/dags
[2023-08-25T10:49:51.071+0000] {manager.py:889} INFO - 
================================================================================
DAG File Processing Stats

File Path                      PID    Runtime      # DAGs    # Errors  Last Runtime    Last Run
-----------------------------  -----  ---------  --------  ----------  --------------  -------------------
/opt/airflow/dags/workflow.py                           0           1  0.15s           2023-08-25T10:49:21
================================================================================
[2023-08-25T10:50:21.262+0000] {manager.py:889} INFO - 
================================================================================
DAG File Processing Stats

File Path                      PID    Runtime      # DAGs    # Errors  Last Runtime    Last Run
-----------------------------  -----  ---------  --------  ----------  --------------  -------------------
/opt/airflow/dags/workflow.py                           0           1  0.23s           2023-08-25T10:49:52
================================================================================
[2023-08-25T10:50:51.688+0000] {manager.py:889} INFO - 
================================================================================
DAG File Processing Stats

File Path                      PID    Runtime      # DAGs    # Errors  Last Runtime    Last Run
-----------------------------  -----  ---------  --------  ----------  --------------  -------------------
/opt/airflow/dags/workflow.py                           0           1  0.15s           2023-08-25T10:50:22
================================================================================
[2023-08-25T10:51:21.882+0000] {manager.py:889} INFO - 
================================================================================
DAG File Processing Stats

File Path                      PID    Runtime      # DAGs    # Errors  Last Runtime    Last Run
-----------------------------  -----  ---------  --------  ----------  --------------  -------------------
/opt/airflow/dags/workflow.py                           0           1  0.14s           2023-08-25T10:50:52
================================================================================
[2023-08-25T10:51:52.332+0000] {manager.py:889} INFO - 
================================================================================
DAG File Processing Stats

File Path                      PID    Runtime      # DAGs    # Errors  Last Runtime    Last Run
-----------------------------  -----  ---------  --------  ----------  --------------  -------------------
/opt/airflow/dags/workflow.py                           0           1  0.13s           2023-08-25T10:51:23
================================================================================
[2023-08-25T10:52:22.501+0000] {manager.py:889} INFO - 
================================================================================
DAG File Processing Stats

File Path                      PID    Runtime      # DAGs    # Errors  Last Runtime    Last Run
-----------------------------  -----  ---------  --------  ----------  --------------  -------------------
/opt/airflow/dags/workflow.py                           0           1  0.15s           2023-08-25T10:51:53
================================================================================
[2023-08-25T10:52:52.741+0000] {manager.py:889} INFO - 
================================================================================
DAG File Processing Stats

File Path                      PID    Runtime      # DAGs    # Errors  Last Runtime    Last Run
-----------------------------  -----  ---------  --------  ----------  --------------  -------------------
/opt/airflow/dags/workflow.py                           0           1  0.12s           2023-08-25T10:52:23
================================================================================
[2023-08-25T10:53:22.905+0000] {manager.py:889} INFO - 
================================================================================
DAG File Processing Stats

File Path                      PID    Runtime      # DAGs    # Errors  Last Runtime    Last Run
-----------------------------  -----  ---------  --------  ----------  --------------  -------------------
/opt/airflow/dags/workflow.py                           0           1  0.15s           2023-08-25T10:52:53
================================================================================
[2023-08-25T10:53:53.187+0000] {manager.py:889} INFO - 
================================================================================
DAG File Processing Stats

File Path                      PID    Runtime      # DAGs    # Errors  Last Runtime    Last Run
-----------------------------  -----  ---------  --------  ----------  --------------  -------------------
/opt/airflow/dags/workflow.py                           0           1  0.14s           2023-08-25T10:53:24
================================================================================
[2023-08-25T10:54:23.363+0000] {manager.py:889} INFO - 
================================================================================
DAG File Processing Stats

File Path                      PID    Runtime      # DAGs    # Errors  Last Runtime    Last Run
-----------------------------  -----  ---------  --------  ----------  --------------  -------------------
/opt/airflow/dags/workflow.py                           0           1  0.11s           2023-08-25T10:53:54
================================================================================
[2023-08-25T10:54:45.569+0000] {manager.py:758} INFO - Searching for files in /opt/airflow/dags
[2023-08-25T10:54:45.625+0000] {manager.py:761} INFO - There are 1 files in /opt/airflow/dags
[2023-08-25T10:54:53.688+0000] {manager.py:889} INFO - 
================================================================================
DAG File Processing Stats

File Path                      PID    Runtime      # DAGs    # Errors  Last Runtime    Last Run
-----------------------------  -----  ---------  --------  ----------  --------------  -------------------
/opt/airflow/dags/workflow.py                           0           1  0.14s           2023-08-25T10:54:24
================================================================================
[2023-08-25T10:55:23.714+0000] {manager.py:889} INFO - 
================================================================================
DAG File Processing Stats

File Path                      PID    Runtime      # DAGs    # Errors  Last Runtime    Last Run
-----------------------------  -----  ---------  --------  ----------  --------------  -------------------
/opt/airflow/dags/workflow.py                           0           1  0.13s           2023-08-25T10:54:54
================================================================================
[2023-08-25T10:55:53.849+0000] {manager.py:889} INFO - 
================================================================================
DAG File Processing Stats

File Path                      PID    Runtime      # DAGs    # Errors  Last Runtime    Last Run
-----------------------------  -----  ---------  --------  ----------  --------------  -------------------
/opt/airflow/dags/workflow.py                           0           1  0.41s           2023-08-25T10:55:26
================================================================================
[2023-08-25T10:56:24.028+0000] {manager.py:889} INFO - 
================================================================================
DAG File Processing Stats

File Path                      PID    Runtime      # DAGs    # Errors  Last Runtime    Last Run
-----------------------------  -----  ---------  --------  ----------  --------------  -------------------
/opt/airflow/dags/workflow.py                           0           1  0.18s           2023-08-25T10:55:57
================================================================================
[2023-08-25T10:56:54.344+0000] {manager.py:889} INFO - 
================================================================================
DAG File Processing Stats

File Path                      PID    Runtime      # DAGs    # Errors  Last Runtime    Last Run
-----------------------------  -----  ---------  --------  ----------  --------------  -------------------
/opt/airflow/dags/workflow.py                           0           1  0.14s           2023-08-25T10:56:27
================================================================================
[2023-08-25T10:57:24.587+0000] {manager.py:889} INFO - 
================================================================================
DAG File Processing Stats

File Path                      PID    Runtime      # DAGs    # Errors  Last Runtime    Last Run
-----------------------------  -----  ---------  --------  ----------  --------------  -------------------
/opt/airflow/dags/workflow.py                           0           1  0.13s           2023-08-25T10:56:57
================================================================================
[2023-08-25T10:57:55.428+0000] {manager.py:889} INFO - 
================================================================================
DAG File Processing Stats

File Path                      PID    Runtime      # DAGs    # Errors  Last Runtime    Last Run
-----------------------------  -----  ---------  --------  ----------  --------------  -------------------
/opt/airflow/dags/workflow.py                           0           1  0.14s           2023-08-25T10:57:27
================================================================================
[2023-08-25T11:05:17.126+0000] {manager.py:758} INFO - Searching for files in /opt/airflow/dags
[2023-08-25T11:05:17.390+0000] {manager.py:761} INFO - There are 1 files in /opt/airflow/dags
[2023-08-25T11:05:17.613+0000] {manager.py:470} INFO - Exiting gracefully upon receiving signal 15
[2023-08-25T11:05:20.058+0000] {manager.py:487} INFO - Processing files using up to 2 processes at a time 
[2023-08-25T11:05:20.060+0000] {manager.py:488} INFO - Process each file at most once every 30 seconds
[2023-08-25T11:05:20.065+0000] {manager.py:490} INFO - Checking for new files in /opt/airflow/dags every 300 seconds
[2023-08-25T11:05:20.071+0000] {manager.py:758} INFO - Searching for files in /opt/airflow/dags
[2023-08-25T11:05:20.153+0000] {manager.py:761} INFO - There are 1 files in /opt/airflow/dags
[2023-08-25T11:05:20.543+0000] {manager.py:889} INFO - 
================================================================================
DAG File Processing Stats

File Path                        PID  Runtime      # DAGs    # Errors  Last Runtime    Last Run
-----------------------------  -----  ---------  --------  ----------  --------------  ----------
/opt/airflow/dags/workflow.py    600  0.12s             0           0
================================================================================
[2023-08-25T11:05:51.484+0000] {manager.py:889} INFO - 
================================================================================
DAG File Processing Stats

File Path                        PID  Runtime      # DAGs    # Errors  Last Runtime    Last Run
-----------------------------  -----  ---------  --------  ----------  --------------  -------------------
/opt/airflow/dags/workflow.py    612  0.01s             0           1  0.22s           2023-08-25T11:05:20
================================================================================
[2023-08-25T11:06:21.691+0000] {manager.py:889} INFO - 
================================================================================
DAG File Processing Stats

File Path                      PID    Runtime      # DAGs    # Errors  Last Runtime    Last Run
-----------------------------  -----  ---------  --------  ----------  --------------  -------------------
/opt/airflow/dags/workflow.py                           0           1  0.35s           2023-08-25T11:05:51
================================================================================
[2023-08-25T11:06:52.420+0000] {manager.py:889} INFO - 
================================================================================
DAG File Processing Stats

File Path                        PID  Runtime      # DAGs    # Errors  Last Runtime    Last Run
-----------------------------  -----  ---------  --------  ----------  --------------  -------------------
/opt/airflow/dags/workflow.py    636  0.03s             0           1  0.13s           2023-08-25T11:06:22
================================================================================
[2023-08-25T11:07:23.016+0000] {manager.py:889} INFO - 
================================================================================
DAG File Processing Stats

File Path                        PID  Runtime      # DAGs    # Errors  Last Runtime    Last Run
-----------------------------  -----  ---------  --------  ----------  --------------  -------------------
/opt/airflow/dags/workflow.py    648  0.04s             0           1  0.27s           2023-08-25T11:06:52
================================================================================
[2023-08-25T11:07:53.344+0000] {manager.py:889} INFO - 
================================================================================
DAG File Processing Stats

File Path                      PID    Runtime      # DAGs    # Errors  Last Runtime    Last Run
-----------------------------  -----  ---------  --------  ----------  --------------  -------------------
/opt/airflow/dags/workflow.py                           0           1  0.40s           2023-08-25T11:07:23
================================================================================
[2023-08-25T11:08:23.525+0000] {manager.py:889} INFO - 
================================================================================
DAG File Processing Stats

File Path                      PID    Runtime      # DAGs    # Errors  Last Runtime    Last Run
-----------------------------  -----  ---------  --------  ----------  --------------  -------------------
/opt/airflow/dags/workflow.py                           0           1  0.15s           2023-08-25T11:07:53
================================================================================
[2023-08-25T11:08:54.126+0000] {manager.py:889} INFO - 
================================================================================
DAG File Processing Stats

File Path                      PID    Runtime      # DAGs    # Errors  Last Runtime    Last Run
-----------------------------  -----  ---------  --------  ----------  --------------  -------------------
/opt/airflow/dags/workflow.py                           0           1  0.19s           2023-08-25T11:08:24
================================================================================
[2023-08-25T11:09:24.457+0000] {manager.py:889} INFO - 
================================================================================
DAG File Processing Stats

File Path                        PID  Runtime      # DAGs    # Errors  Last Runtime    Last Run
-----------------------------  -----  ---------  --------  ----------  --------------  -------------------
/opt/airflow/dags/workflow.py    695  0.00s             0           1  0.15s           2023-08-25T11:08:54
================================================================================
[2023-08-25T11:09:54.990+0000] {manager.py:889} INFO - 
================================================================================
DAG File Processing Stats

File Path                        PID  Runtime      # DAGs    # Errors  Last Runtime    Last Run
-----------------------------  -----  ---------  --------  ----------  --------------  -------------------
/opt/airflow/dags/workflow.py    707  0.01s             0           1  0.17s           2023-08-25T11:09:24
================================================================================
[2023-08-25T11:10:20.152+0000] {manager.py:758} INFO - Searching for files in /opt/airflow/dags
[2023-08-25T11:10:20.199+0000] {manager.py:761} INFO - There are 1 files in /opt/airflow/dags
[2023-08-25T11:10:25.261+0000] {manager.py:889} INFO - 
================================================================================
DAG File Processing Stats

File Path                        PID  Runtime      # DAGs    # Errors  Last Runtime    Last Run
-----------------------------  -----  ---------  --------  ----------  --------------  -------------------
/opt/airflow/dags/workflow.py    718  0.01s             0           1  0.25s           2023-08-25T11:09:55
================================================================================
[2023-08-25T11:10:55.514+0000] {manager.py:889} INFO - 
================================================================================
DAG File Processing Stats

File Path                        PID  Runtime      # DAGs    # Errors  Last Runtime    Last Run
-----------------------------  -----  ---------  --------  ----------  --------------  -------------------
/opt/airflow/dags/workflow.py    730  0.01s             0           1  0.16s           2023-08-25T11:10:25
================================================================================
[2023-08-25T11:11:25.706+0000] {manager.py:889} INFO - 
================================================================================
DAG File Processing Stats

File Path                        PID  Runtime      # DAGs    # Errors  Last Runtime    Last Run
-----------------------------  -----  ---------  --------  ----------  --------------  -------------------
/opt/airflow/dags/workflow.py    742  0.01s             0           1  0.19s           2023-08-25T11:10:55
================================================================================
[2023-08-25T11:11:55.967+0000] {manager.py:889} INFO - 
================================================================================
DAG File Processing Stats

File Path                        PID  Runtime      # DAGs    # Errors  Last Runtime    Last Run
-----------------------------  -----  ---------  --------  ----------  --------------  -------------------
/opt/airflow/dags/workflow.py    753  0.00s             0           1  0.13s           2023-08-25T11:11:25
================================================================================
[2023-08-25T11:12:26.110+0000] {manager.py:889} INFO - 
================================================================================
DAG File Processing Stats

File Path                      PID    Runtime      # DAGs    # Errors  Last Runtime    Last Run
-----------------------------  -----  ---------  --------  ----------  --------------  -------------------
/opt/airflow/dags/workflow.py                           0           1  0.17s           2023-08-25T11:11:56
================================================================================
[2023-08-25T11:12:56.617+0000] {manager.py:889} INFO - 
================================================================================
DAG File Processing Stats

File Path                        PID  Runtime      # DAGs    # Errors  Last Runtime    Last Run
-----------------------------  -----  ---------  --------  ----------  --------------  -------------------
/opt/airflow/dags/workflow.py    777  0.01s             0           1  0.22s           2023-08-25T11:12:26
================================================================================
[2023-08-25T11:13:27.344+0000] {manager.py:889} INFO - 
================================================================================
DAG File Processing Stats

File Path                        PID  Runtime      # DAGs    # Errors  Last Runtime    Last Run
-----------------------------  -----  ---------  --------  ----------  --------------  -------------------
/opt/airflow/dags/workflow.py    789  0.01s             0           1  0.25s           2023-08-25T11:12:56
================================================================================
[2023-08-25T11:13:57.857+0000] {manager.py:889} INFO - 
================================================================================
DAG File Processing Stats

File Path                        PID  Runtime      # DAGs    # Errors  Last Runtime    Last Run
-----------------------------  -----  ---------  --------  ----------  --------------  -------------------
/opt/airflow/dags/workflow.py    802  0.04s             0           1  0.20s           2023-08-25T11:13:27
================================================================================
[2023-08-25T11:14:28.913+0000] {manager.py:889} INFO - 
================================================================================
DAG File Processing Stats

File Path                        PID  Runtime      # DAGs    # Errors  Last Runtime    Last Run
-----------------------------  -----  ---------  --------  ----------  --------------  -------------------
/opt/airflow/dags/workflow.py    813  0.04s             0           1  0.55s           2023-08-25T11:13:58
================================================================================
[2023-08-25T11:14:59.169+0000] {manager.py:889} INFO - 
================================================================================
DAG File Processing Stats

File Path                      PID    Runtime      # DAGs    # Errors  Last Runtime    Last Run
-----------------------------  -----  ---------  --------  ----------  --------------  -------------------
/opt/airflow/dags/workflow.py                           0           1  0.40s           2023-08-25T11:14:29
================================================================================
[2023-08-25T11:15:20.778+0000] {manager.py:758} INFO - Searching for files in /opt/airflow/dags
[2023-08-25T11:15:20.827+0000] {manager.py:761} INFO - There are 1 files in /opt/airflow/dags
[2023-08-25T11:15:29.189+0000] {manager.py:889} INFO - 
================================================================================
DAG File Processing Stats

File Path                      PID    Runtime      # DAGs    # Errors  Last Runtime    Last Run
-----------------------------  -----  ---------  --------  ----------  --------------  -------------------
/opt/airflow/dags/workflow.py                           0           1  0.30s           2023-08-25T11:14:59
================================================================================
[2023-08-25T11:15:59.617+0000] {manager.py:889} INFO - 
================================================================================
DAG File Processing Stats

File Path                      PID    Runtime      # DAGs    # Errors  Last Runtime    Last Run
-----------------------------  -----  ---------  --------  ----------  --------------  -------------------
/opt/airflow/dags/workflow.py                           0           1  0.36s           2023-08-25T11:15:30
================================================================================
[2023-08-25T11:16:30.240+0000] {manager.py:889} INFO - 
================================================================================
DAG File Processing Stats

File Path                      PID    Runtime      # DAGs    # Errors  Last Runtime    Last Run
-----------------------------  -----  ---------  --------  ----------  --------------  -------------------
/opt/airflow/dags/workflow.py                           0           1  0.30s           2023-08-25T11:16:01
================================================================================
[2023-08-25T11:17:00.560+0000] {manager.py:889} INFO - 
================================================================================
DAG File Processing Stats

File Path                      PID    Runtime      # DAGs    # Errors  Last Runtime    Last Run
-----------------------------  -----  ---------  --------  ----------  --------------  -------------------
/opt/airflow/dags/workflow.py                           0           1  0.29s           2023-08-25T11:16:31
================================================================================
[2023-08-25T11:17:31.237+0000] {manager.py:889} INFO - 
================================================================================
DAG File Processing Stats

File Path                      PID    Runtime      # DAGs    # Errors  Last Runtime    Last Run
-----------------------------  -----  ---------  --------  ----------  --------------  -------------------
/opt/airflow/dags/workflow.py                           0           1  0.47s           2023-08-25T11:17:02
================================================================================
[2023-08-25T11:18:01.658+0000] {manager.py:889} INFO - 
================================================================================
DAG File Processing Stats

File Path                      PID    Runtime      # DAGs    # Errors  Last Runtime    Last Run
-----------------------------  -----  ---------  --------  ----------  --------------  -------------------
/opt/airflow/dags/workflow.py                           0           1  0.26s           2023-08-25T11:17:32
================================================================================
[2023-08-25T11:18:09.188+0000] {manager.py:470} INFO - Exiting gracefully upon receiving signal 15
