[2023-09-15T15:41:13.774+0000] {taskinstance.py:1103} INFO - Dependencies all met for dep_context=non-requeueable deps ti=<TaskInstance: eCommerce_ETL_dag.branching manual__2023-09-15T15:41:10.497401+00:00 [queued]>
[2023-09-15T15:41:13.785+0000] {taskinstance.py:1103} INFO - Dependencies all met for dep_context=requeueable deps ti=<TaskInstance: eCommerce_ETL_dag.branching manual__2023-09-15T15:41:10.497401+00:00 [queued]>
[2023-09-15T15:41:13.786+0000] {taskinstance.py:1308} INFO - Starting attempt 1 of 2
[2023-09-15T15:41:13.806+0000] {taskinstance.py:1327} INFO - Executing <Task(BranchPythonOperator): branching> on 2023-09-15 15:41:10.497401+00:00
[2023-09-15T15:41:13.813+0000] {standard_task_runner.py:57} INFO - Started process 561 to run task
[2023-09-15T15:41:13.819+0000] {standard_task_runner.py:84} INFO - Running: ['***', 'tasks', 'run', 'eCommerce_ETL_dag', 'branching', 'manual__2023-09-15T15:41:10.497401+00:00', '--job-id', '11', '--raw', '--subdir', 'DAGS_FOLDER/workflow.py', '--cfg-path', '/tmp/tmp6o5oqoss']
[2023-09-15T15:41:13.824+0000] {standard_task_runner.py:85} INFO - Job 11: Subtask branching
[2023-09-15T15:41:13.891+0000] {task_command.py:410} INFO - Running <TaskInstance: eCommerce_ETL_dag.branching manual__2023-09-15T15:41:10.497401+00:00 [running]> on host 228226a2581e
[2023-09-15T15:41:13.989+0000] {taskinstance.py:1545} INFO - Exporting env vars: AIRFLOW_CTX_DAG_OWNER='***' AIRFLOW_CTX_DAG_ID='eCommerce_ETL_dag' AIRFLOW_CTX_TASK_ID='branching' AIRFLOW_CTX_EXECUTION_DATE='2023-09-15T15:41:10.497401+00:00' AIRFLOW_CTX_TRY_NUMBER='1' AIRFLOW_CTX_DAG_RUN_ID='manual__2023-09-15T15:41:10.497401+00:00'
[2023-09-15T15:41:14.021+0000] {logging_mixin.py:150} INFO - !!!!!!!!!!!!!!! CHECK TABLE : ('ecommerce_db', 'public', 'log', 'BASE TABLE', None, None, None, None, None, 'YES', 'NO', None)
[2023-09-15T15:41:14.024+0000] {logging_mixin.py:150} INFO - !!!!!!!!!!!!!!! CHECK TABLE : ('ecommerce_db', 'public', 'job', 'BASE TABLE', None, None, None, None, None, 'YES', 'NO', None)
[2023-09-15T15:41:14.027+0000] {logging_mixin.py:150} INFO - !!!!!!!!!!!!!!! CHECK TABLE : ('ecommerce_db', 'public', 'dag_code', 'BASE TABLE', None, None, None, None, None, 'YES', 'NO', None)
[2023-09-15T15:41:14.029+0000] {logging_mixin.py:150} INFO - !!!!!!!!!!!!!!! CHECK TABLE : ('ecommerce_db', 'public', 'dag_pickle', 'BASE TABLE', None, None, None, None, None, 'YES', 'NO', None)
[2023-09-15T15:41:14.031+0000] {logging_mixin.py:150} INFO - !!!!!!!!!!!!!!! CHECK TABLE : ('ecommerce_db', 'pg_catalog', 'pg_statistic', 'BASE TABLE', None, None, None, None, None, 'YES', 'NO', None)
[2023-09-15T15:41:14.032+0000] {logging_mixin.py:150} INFO - !!!!!!!!!!!!!!! CHECK TABLE : ('ecommerce_db', 'pg_catalog', 'pg_type', 'BASE TABLE', None, None, None, None, None, 'YES', 'NO', None)
[2023-09-15T15:41:14.034+0000] {logging_mixin.py:150} INFO - !!!!!!!!!!!!!!! CHECK TABLE : ('ecommerce_db', 'public', 'slot_pool', 'BASE TABLE', None, None, None, None, None, 'YES', 'NO', None)
[2023-09-15T15:41:14.036+0000] {logging_mixin.py:150} INFO - !!!!!!!!!!!!!!! CHECK TABLE : ('ecommerce_db', 'pg_catalog', 'pg_foreign_table', 'BASE TABLE', None, None, None, None, None, 'YES', 'NO', None)
[2023-09-15T15:41:14.038+0000] {logging_mixin.py:150} INFO - !!!!!!!!!!!!!!! CHECK TABLE : ('ecommerce_db', 'pg_catalog', 'pg_authid', 'BASE TABLE', None, None, None, None, None, 'YES', 'NO', None)
[2023-09-15T15:41:14.040+0000] {logging_mixin.py:150} INFO - !!!!!!!!!!!!!!! CHECK TABLE : ('ecommerce_db', 'pg_catalog', 'pg_shadow', 'VIEW', None, None, None, None, None, 'NO', 'NO', None)
[2023-09-15T15:41:14.042+0000] {logging_mixin.py:150} INFO - !!!!!!!!!!!!!!! CHECK TABLE : ('ecommerce_db', 'public', 'connection', 'BASE TABLE', None, None, None, None, None, 'YES', 'NO', None)
[2023-09-15T15:41:14.044+0000] {logging_mixin.py:150} INFO - !!!!!!!!!!!!!!! CHECK TABLE : ('ecommerce_db', 'public', 'callback_request', 'BASE TABLE', None, None, None, None, None, 'YES', 'NO', None)
[2023-09-15T15:41:14.047+0000] {logging_mixin.py:150} INFO - !!!!!!!!!!!!!!! CHECK TABLE : ('ecommerce_db', 'pg_catalog', 'pg_statistic_ext_data', 'BASE TABLE', None, None, None, None, None, 'YES', 'NO', None)
[2023-09-15T15:41:14.051+0000] {logging_mixin.py:150} INFO - !!!!!!!!!!!!!!! CHECK TABLE : ('ecommerce_db', 'pg_catalog', 'pg_roles', 'VIEW', None, None, None, None, None, 'NO', 'NO', None)
[2023-09-15T15:41:14.053+0000] {logging_mixin.py:150} INFO - !!!!!!!!!!!!!!! CHECK TABLE : ('ecommerce_db', 'public', 'import_error', 'BASE TABLE', None, None, None, None, None, 'YES', 'NO', None)
[2023-09-15T15:41:14.055+0000] {logging_mixin.py:150} INFO - !!!!!!!!!!!!!!! CHECK TABLE : ('ecommerce_db', 'pg_catalog', 'pg_settings', 'VIEW', None, None, None, None, None, 'NO', 'NO', None)
[2023-09-15T15:41:14.056+0000] {logging_mixin.py:150} INFO - !!!!!!!!!!!!!!! CHECK TABLE : ('ecommerce_db', 'pg_catalog', 'pg_file_settings', 'VIEW', None, None, None, None, None, 'NO', 'NO', None)
[2023-09-15T15:41:14.057+0000] {logging_mixin.py:150} INFO - !!!!!!!!!!!!!!! CHECK TABLE : ('ecommerce_db', 'pg_catalog', 'pg_hba_file_rules', 'VIEW', None, None, None, None, None, 'NO', 'NO', None)
[2023-09-15T15:41:14.059+0000] {logging_mixin.py:150} INFO - !!!!!!!!!!!!!!! CHECK TABLE : ('ecommerce_db', 'public', 'sla_miss', 'BASE TABLE', None, None, None, None, None, 'YES', 'NO', None)
[2023-09-15T15:41:14.060+0000] {logging_mixin.py:150} INFO - !!!!!!!!!!!!!!! CHECK TABLE : ('ecommerce_db', 'pg_catalog', 'pg_config', 'VIEW', None, None, None, None, None, 'NO', 'NO', None)
[2023-09-15T15:41:14.061+0000] {logging_mixin.py:150} INFO - !!!!!!!!!!!!!!! CHECK TABLE : ('ecommerce_db', 'pg_catalog', 'pg_shmem_allocations', 'VIEW', None, None, None, None, None, 'NO', 'NO', None)
[2023-09-15T15:41:14.063+0000] {logging_mixin.py:150} INFO - !!!!!!!!!!!!!!! CHECK TABLE : ('ecommerce_db', 'public', 'variable', 'BASE TABLE', None, None, None, None, None, 'YES', 'NO', None)
[2023-09-15T15:41:14.064+0000] {logging_mixin.py:150} INFO - !!!!!!!!!!!!!!! CHECK TABLE : ('ecommerce_db', 'public', 'serialized_dag', 'BASE TABLE', None, None, None, None, None, 'YES', 'NO', None)
[2023-09-15T15:41:14.065+0000] {logging_mixin.py:150} INFO - !!!!!!!!!!!!!!! CHECK TABLE : ('ecommerce_db', 'pg_catalog', 'pg_prepared_statements', 'VIEW', None, None, None, None, None, 'NO', 'NO', None)
[2023-09-15T15:41:14.067+0000] {logging_mixin.py:150} INFO - !!!!!!!!!!!!!!! CHECK TABLE : ('ecommerce_db', 'pg_catalog', 'pg_largeobject', 'BASE TABLE', None, None, None, None, None, 'YES', 'NO', None)
[2023-09-15T15:41:14.068+0000] {logging_mixin.py:150} INFO - !!!!!!!!!!!!!!! CHECK TABLE : ('ecommerce_db', 'pg_catalog', 'pg_user_mapping', 'BASE TABLE', None, None, None, None, None, 'YES', 'NO', None)
[2023-09-15T15:41:14.070+0000] {logging_mixin.py:150} INFO - !!!!!!!!!!!!!!! CHECK TABLE : ('ecommerce_db', 'pg_catalog', 'pg_stat_progress_vacuum', 'VIEW', None, None, None, None, None, 'NO', 'NO', None)
[2023-09-15T15:41:14.071+0000] {logging_mixin.py:150} INFO - !!!!!!!!!!!!!!! CHECK TABLE : ('ecommerce_db', 'pg_catalog', 'pg_replication_origin_status', 'VIEW', None, None, None, None, None, 'NO', 'NO', None)
[2023-09-15T15:41:14.072+0000] {logging_mixin.py:150} INFO - !!!!!!!!!!!!!!! CHECK TABLE : ('ecommerce_db', 'pg_catalog', 'pg_subscription', 'BASE TABLE', None, None, None, None, None, 'YES', 'NO', None)
[2023-09-15T15:41:14.074+0000] {logging_mixin.py:150} INFO - !!!!!!!!!!!!!!! CHECK TABLE : ('ecommerce_db', 'pg_catalog', 'pg_attribute', 'BASE TABLE', None, None, None, None, None, 'YES', 'NO', None)
[2023-09-15T15:41:14.076+0000] {logging_mixin.py:150} INFO - !!!!!!!!!!!!!!! CHECK TABLE : ('ecommerce_db', 'pg_catalog', 'pg_proc', 'BASE TABLE', None, None, None, None, None, 'YES', 'NO', None)
[2023-09-15T15:41:14.077+0000] {logging_mixin.py:150} INFO - !!!!!!!!!!!!!!! CHECK TABLE : ('ecommerce_db', 'pg_catalog', 'pg_class', 'BASE TABLE', None, None, None, None, None, 'YES', 'NO', None)
[2023-09-15T15:41:14.078+0000] {logging_mixin.py:150} INFO - !!!!!!!!!!!!!!! CHECK TABLE : ('ecommerce_db', 'pg_catalog', 'pg_attrdef', 'BASE TABLE', None, None, None, None, None, 'YES', 'NO', None)
[2023-09-15T15:41:14.079+0000] {logging_mixin.py:150} INFO - !!!!!!!!!!!!!!! CHECK TABLE : ('ecommerce_db', 'pg_catalog', 'pg_constraint', 'BASE TABLE', None, None, None, None, None, 'YES', 'NO', None)
[2023-09-15T15:41:14.082+0000] {logging_mixin.py:150} INFO - !!!!!!!!!!!!!!! CHECK TABLE : ('ecommerce_db', 'pg_catalog', 'pg_inherits', 'BASE TABLE', None, None, None, None, None, 'YES', 'NO', None)
[2023-09-15T15:41:14.083+0000] {logging_mixin.py:150} INFO - !!!!!!!!!!!!!!! CHECK TABLE : ('ecommerce_db', 'pg_catalog', 'pg_index', 'BASE TABLE', None, None, None, None, None, 'YES', 'NO', None)
[2023-09-15T15:41:14.084+0000] {logging_mixin.py:150} INFO - !!!!!!!!!!!!!!! CHECK TABLE : ('ecommerce_db', 'pg_catalog', 'pg_operator', 'BASE TABLE', None, None, None, None, None, 'YES', 'NO', None)
[2023-09-15T15:41:14.085+0000] {logging_mixin.py:150} INFO - !!!!!!!!!!!!!!! CHECK TABLE : ('ecommerce_db', 'pg_catalog', 'pg_opfamily', 'BASE TABLE', None, None, None, None, None, 'YES', 'NO', None)
[2023-09-15T15:41:14.086+0000] {logging_mixin.py:150} INFO - !!!!!!!!!!!!!!! CHECK TABLE : ('ecommerce_db', 'pg_catalog', 'pg_opclass', 'BASE TABLE', None, None, None, None, None, 'YES', 'NO', None)
[2023-09-15T15:41:14.087+0000] {logging_mixin.py:150} INFO - !!!!!!!!!!!!!!! CHECK TABLE : ('ecommerce_db', 'pg_catalog', 'pg_am', 'BASE TABLE', None, None, None, None, None, 'YES', 'NO', None)
[2023-09-15T15:41:14.088+0000] {logging_mixin.py:150} INFO - !!!!!!!!!!!!!!! CHECK TABLE : ('ecommerce_db', 'pg_catalog', 'pg_amop', 'BASE TABLE', None, None, None, None, None, 'YES', 'NO', None)
[2023-09-15T15:41:14.090+0000] {logging_mixin.py:150} INFO - !!!!!!!!!!!!!!! CHECK TABLE : ('ecommerce_db', 'pg_catalog', 'pg_amproc', 'BASE TABLE', None, None, None, None, None, 'YES', 'NO', None)
[2023-09-15T15:41:14.091+0000] {logging_mixin.py:150} INFO - !!!!!!!!!!!!!!! CHECK TABLE : ('ecommerce_db', 'pg_catalog', 'pg_language', 'BASE TABLE', None, None, None, None, None, 'YES', 'NO', None)
[2023-09-15T15:41:14.092+0000] {logging_mixin.py:150} INFO - !!!!!!!!!!!!!!! CHECK TABLE : ('ecommerce_db', 'pg_catalog', 'pg_largeobject_metadata', 'BASE TABLE', None, None, None, None, None, 'YES', 'NO', None)
[2023-09-15T15:41:14.093+0000] {logging_mixin.py:150} INFO - !!!!!!!!!!!!!!! CHECK TABLE : ('ecommerce_db', 'pg_catalog', 'pg_aggregate', 'BASE TABLE', None, None, None, None, None, 'YES', 'NO', None)
[2023-09-15T15:41:14.095+0000] {logging_mixin.py:150} INFO - !!!!!!!!!!!!!!! CHECK TABLE : ('ecommerce_db', 'pg_catalog', 'pg_statistic_ext', 'BASE TABLE', None, None, None, None, None, 'YES', 'NO', None)
[2023-09-15T15:41:14.096+0000] {logging_mixin.py:150} INFO - !!!!!!!!!!!!!!! CHECK TABLE : ('ecommerce_db', 'pg_catalog', 'pg_rewrite', 'BASE TABLE', None, None, None, None, None, 'YES', 'NO', None)
[2023-09-15T15:41:14.097+0000] {logging_mixin.py:150} INFO - !!!!!!!!!!!!!!! CHECK TABLE : ('ecommerce_db', 'pg_catalog', 'pg_trigger', 'BASE TABLE', None, None, None, None, None, 'YES', 'NO', None)
[2023-09-15T15:41:14.104+0000] {logging_mixin.py:150} INFO - !!!!!!!!!!!!!!! CHECK TABLE : ('ecommerce_db', 'pg_catalog', 'pg_event_trigger', 'BASE TABLE', None, None, None, None, None, 'YES', 'NO', None)
[2023-09-15T15:41:14.106+0000] {logging_mixin.py:150} INFO - !!!!!!!!!!!!!!! CHECK TABLE : ('ecommerce_db', 'pg_catalog', 'pg_description', 'BASE TABLE', None, None, None, None, None, 'YES', 'NO', None)
[2023-09-15T15:41:14.107+0000] {logging_mixin.py:150} INFO - !!!!!!!!!!!!!!! CHECK TABLE : ('ecommerce_db', 'pg_catalog', 'pg_cast', 'BASE TABLE', None, None, None, None, None, 'YES', 'NO', None)
[2023-09-15T15:41:14.109+0000] {logging_mixin.py:150} INFO - !!!!!!!!!!!!!!! CHECK TABLE : ('ecommerce_db', 'pg_catalog', 'pg_stat_progress_cluster', 'VIEW', None, None, None, None, None, 'NO', 'NO', None)
[2023-09-15T15:41:14.110+0000] {logging_mixin.py:150} INFO - !!!!!!!!!!!!!!! CHECK TABLE : ('ecommerce_db', 'pg_catalog', 'pg_stat_progress_create_index', 'VIEW', None, None, None, None, None, 'NO', 'NO', None)
[2023-09-15T15:41:14.111+0000] {logging_mixin.py:150} INFO - !!!!!!!!!!!!!!! CHECK TABLE : ('ecommerce_db', 'pg_catalog', 'pg_stat_progress_basebackup', 'VIEW', None, None, None, None, None, 'NO', 'NO', None)
[2023-09-15T15:41:14.114+0000] {logging_mixin.py:150} INFO - !!!!!!!!!!!!!!! CHECK TABLE : ('ecommerce_db', 'pg_catalog', 'pg_user_mappings', 'VIEW', None, None, None, None, None, 'NO', 'NO', None)
[2023-09-15T15:41:14.115+0000] {logging_mixin.py:150} INFO - !!!!!!!!!!!!!!! CHECK TABLE : ('ecommerce_db', 'pg_catalog', 'pg_enum', 'BASE TABLE', None, None, None, None, None, 'YES', 'NO', None)
[2023-09-15T15:41:14.117+0000] {logging_mixin.py:150} INFO - !!!!!!!!!!!!!!! CHECK TABLE : ('ecommerce_db', 'pg_catalog', 'pg_namespace', 'BASE TABLE', None, None, None, None, None, 'YES', 'NO', None)
[2023-09-15T15:41:14.119+0000] {logging_mixin.py:150} INFO - !!!!!!!!!!!!!!! CHECK TABLE : ('ecommerce_db', 'pg_catalog', 'pg_conversion', 'BASE TABLE', None, None, None, None, None, 'YES', 'NO', None)
[2023-09-15T15:41:14.120+0000] {logging_mixin.py:150} INFO - !!!!!!!!!!!!!!! CHECK TABLE : ('ecommerce_db', 'pg_catalog', 'pg_depend', 'BASE TABLE', None, None, None, None, None, 'YES', 'NO', None)
[2023-09-15T15:41:14.123+0000] {logging_mixin.py:150} INFO - !!!!!!!!!!!!!!! CHECK TABLE : ('ecommerce_db', 'pg_catalog', 'pg_database', 'BASE TABLE', None, None, None, None, None, 'YES', 'NO', None)
[2023-09-15T15:41:14.125+0000] {logging_mixin.py:150} INFO - !!!!!!!!!!!!!!! CHECK TABLE : ('ecommerce_db', 'pg_catalog', 'pg_db_role_setting', 'BASE TABLE', None, None, None, None, None, 'YES', 'NO', None)
[2023-09-15T15:41:14.128+0000] {logging_mixin.py:150} INFO - !!!!!!!!!!!!!!! CHECK TABLE : ('ecommerce_db', 'pg_catalog', 'pg_tablespace', 'BASE TABLE', None, None, None, None, None, 'YES', 'NO', None)
[2023-09-15T15:41:14.130+0000] {logging_mixin.py:150} INFO - !!!!!!!!!!!!!!! CHECK TABLE : ('ecommerce_db', 'pg_catalog', 'pg_auth_members', 'BASE TABLE', None, None, None, None, None, 'YES', 'NO', None)
[2023-09-15T15:41:14.132+0000] {logging_mixin.py:150} INFO - !!!!!!!!!!!!!!! CHECK TABLE : ('ecommerce_db', 'pg_catalog', 'pg_shdepend', 'BASE TABLE', None, None, None, None, None, 'YES', 'NO', None)
[2023-09-15T15:41:14.134+0000] {logging_mixin.py:150} INFO - !!!!!!!!!!!!!!! CHECK TABLE : ('ecommerce_db', 'pg_catalog', 'pg_shdescription', 'BASE TABLE', None, None, None, None, None, 'YES', 'NO', None)
[2023-09-15T15:41:14.136+0000] {logging_mixin.py:150} INFO - !!!!!!!!!!!!!!! CHECK TABLE : ('ecommerce_db', 'pg_catalog', 'pg_ts_config', 'BASE TABLE', None, None, None, None, None, 'YES', 'NO', None)
[2023-09-15T15:41:14.137+0000] {logging_mixin.py:150} INFO - !!!!!!!!!!!!!!! CHECK TABLE : ('ecommerce_db', 'pg_catalog', 'pg_ts_config_map', 'BASE TABLE', None, None, None, None, None, 'YES', 'NO', None)
[2023-09-15T15:41:14.138+0000] {logging_mixin.py:150} INFO - !!!!!!!!!!!!!!! CHECK TABLE : ('ecommerce_db', 'pg_catalog', 'pg_ts_dict', 'BASE TABLE', None, None, None, None, None, 'YES', 'NO', None)
[2023-09-15T15:41:14.141+0000] {logging_mixin.py:150} INFO - !!!!!!!!!!!!!!! CHECK TABLE : ('ecommerce_db', 'pg_catalog', 'pg_ts_parser', 'BASE TABLE', None, None, None, None, None, 'YES', 'NO', None)
[2023-09-15T15:41:14.143+0000] {logging_mixin.py:150} INFO - !!!!!!!!!!!!!!! CHECK TABLE : ('ecommerce_db', 'pg_catalog', 'pg_ts_template', 'BASE TABLE', None, None, None, None, None, 'YES', 'NO', None)
[2023-09-15T15:41:14.144+0000] {logging_mixin.py:150} INFO - !!!!!!!!!!!!!!! CHECK TABLE : ('ecommerce_db', 'pg_catalog', 'pg_extension', 'BASE TABLE', None, None, None, None, None, 'YES', 'NO', None)
[2023-09-15T15:41:14.145+0000] {logging_mixin.py:150} INFO - !!!!!!!!!!!!!!! CHECK TABLE : ('ecommerce_db', 'pg_catalog', 'pg_foreign_data_wrapper', 'BASE TABLE', None, None, None, None, None, 'YES', 'NO', None)
[2023-09-15T15:41:14.147+0000] {logging_mixin.py:150} INFO - !!!!!!!!!!!!!!! CHECK TABLE : ('ecommerce_db', 'pg_catalog', 'pg_foreign_server', 'BASE TABLE', None, None, None, None, None, 'YES', 'NO', None)
[2023-09-15T15:41:14.148+0000] {logging_mixin.py:150} INFO - !!!!!!!!!!!!!!! CHECK TABLE : ('ecommerce_db', 'pg_catalog', 'pg_policy', 'BASE TABLE', None, None, None, None, None, 'YES', 'NO', None)
[2023-09-15T15:41:14.150+0000] {logging_mixin.py:150} INFO - !!!!!!!!!!!!!!! CHECK TABLE : ('ecommerce_db', 'pg_catalog', 'pg_replication_origin', 'BASE TABLE', None, None, None, None, None, 'YES', 'NO', None)
[2023-09-15T15:41:14.152+0000] {logging_mixin.py:150} INFO - !!!!!!!!!!!!!!! CHECK TABLE : ('ecommerce_db', 'pg_catalog', 'pg_default_acl', 'BASE TABLE', None, None, None, None, None, 'YES', 'NO', None)
[2023-09-15T15:41:14.153+0000] {logging_mixin.py:150} INFO - !!!!!!!!!!!!!!! CHECK TABLE : ('ecommerce_db', 'pg_catalog', 'pg_init_privs', 'BASE TABLE', None, None, None, None, None, 'YES', 'NO', None)
[2023-09-15T15:41:14.154+0000] {logging_mixin.py:150} INFO - !!!!!!!!!!!!!!! CHECK TABLE : ('ecommerce_db', 'pg_catalog', 'pg_seclabel', 'BASE TABLE', None, None, None, None, None, 'YES', 'NO', None)
[2023-09-15T15:41:14.157+0000] {logging_mixin.py:150} INFO - !!!!!!!!!!!!!!! CHECK TABLE : ('ecommerce_db', 'pg_catalog', 'pg_shseclabel', 'BASE TABLE', None, None, None, None, None, 'YES', 'NO', None)
[2023-09-15T15:41:14.158+0000] {logging_mixin.py:150} INFO - !!!!!!!!!!!!!!! CHECK TABLE : ('ecommerce_db', 'pg_catalog', 'pg_collation', 'BASE TABLE', None, None, None, None, None, 'YES', 'NO', None)
[2023-09-15T15:41:14.159+0000] {logging_mixin.py:150} INFO - !!!!!!!!!!!!!!! CHECK TABLE : ('ecommerce_db', 'pg_catalog', 'pg_partitioned_table', 'BASE TABLE', None, None, None, None, None, 'YES', 'NO', None)
[2023-09-15T15:41:14.160+0000] {logging_mixin.py:150} INFO - !!!!!!!!!!!!!!! CHECK TABLE : ('ecommerce_db', 'pg_catalog', 'pg_range', 'BASE TABLE', None, None, None, None, None, 'YES', 'NO', None)
[2023-09-15T15:41:14.161+0000] {logging_mixin.py:150} INFO - !!!!!!!!!!!!!!! CHECK TABLE : ('ecommerce_db', 'pg_catalog', 'pg_transform', 'BASE TABLE', None, None, None, None, None, 'YES', 'NO', None)
[2023-09-15T15:41:14.163+0000] {logging_mixin.py:150} INFO - !!!!!!!!!!!!!!! CHECK TABLE : ('ecommerce_db', 'pg_catalog', 'pg_sequence', 'BASE TABLE', None, None, None, None, None, 'YES', 'NO', None)
[2023-09-15T15:41:14.164+0000] {logging_mixin.py:150} INFO - !!!!!!!!!!!!!!! CHECK TABLE : ('ecommerce_db', 'pg_catalog', 'pg_publication', 'BASE TABLE', None, None, None, None, None, 'YES', 'NO', None)
[2023-09-15T15:41:14.165+0000] {logging_mixin.py:150} INFO - !!!!!!!!!!!!!!! CHECK TABLE : ('ecommerce_db', 'pg_catalog', 'pg_publication_rel', 'BASE TABLE', None, None, None, None, None, 'YES', 'NO', None)
[2023-09-15T15:41:14.167+0000] {logging_mixin.py:150} INFO - !!!!!!!!!!!!!!! CHECK TABLE : ('ecommerce_db', 'pg_catalog', 'pg_subscription_rel', 'BASE TABLE', None, None, None, None, None, 'YES', 'NO', None)
[2023-09-15T15:41:14.169+0000] {logging_mixin.py:150} INFO - !!!!!!!!!!!!!!! CHECK TABLE : ('ecommerce_db', 'pg_catalog', 'pg_group', 'VIEW', None, None, None, None, None, 'YES', 'NO', None)
[2023-09-15T15:41:14.170+0000] {logging_mixin.py:150} INFO - !!!!!!!!!!!!!!! CHECK TABLE : ('ecommerce_db', 'pg_catalog', 'pg_user', 'VIEW', None, None, None, None, None, 'NO', 'NO', None)
[2023-09-15T15:41:14.171+0000] {logging_mixin.py:150} INFO - !!!!!!!!!!!!!!! CHECK TABLE : ('ecommerce_db', 'pg_catalog', 'pg_policies', 'VIEW', None, None, None, None, None, 'NO', 'NO', None)
[2023-09-15T15:41:14.174+0000] {logging_mixin.py:150} INFO - !!!!!!!!!!!!!!! CHECK TABLE : ('ecommerce_db', 'pg_catalog', 'pg_rules', 'VIEW', None, None, None, None, None, 'NO', 'NO', None)
[2023-09-15T15:41:14.176+0000] {logging_mixin.py:150} INFO - !!!!!!!!!!!!!!! CHECK TABLE : ('ecommerce_db', 'pg_catalog', 'pg_views', 'VIEW', None, None, None, None, None, 'NO', 'NO', None)
[2023-09-15T15:41:14.178+0000] {logging_mixin.py:150} INFO - !!!!!!!!!!!!!!! CHECK TABLE : ('ecommerce_db', 'pg_catalog', 'pg_tables', 'VIEW', None, None, None, None, None, 'NO', 'NO', None)
[2023-09-15T15:41:14.180+0000] {logging_mixin.py:150} INFO - !!!!!!!!!!!!!!! CHECK TABLE : ('ecommerce_db', 'pg_catalog', 'pg_matviews', 'VIEW', None, None, None, None, None, 'NO', 'NO', None)
[2023-09-15T15:41:14.181+0000] {logging_mixin.py:150} INFO - !!!!!!!!!!!!!!! CHECK TABLE : ('ecommerce_db', 'pg_catalog', 'pg_indexes', 'VIEW', None, None, None, None, None, 'NO', 'NO', None)
[2023-09-15T15:41:14.184+0000] {logging_mixin.py:150} INFO - !!!!!!!!!!!!!!! CHECK TABLE : ('ecommerce_db', 'pg_catalog', 'pg_sequences', 'VIEW', None, None, None, None, None, 'NO', 'NO', None)
[2023-09-15T15:41:14.186+0000] {logging_mixin.py:150} INFO - !!!!!!!!!!!!!!! CHECK TABLE : ('ecommerce_db', 'pg_catalog', 'pg_stats', 'VIEW', None, None, None, None, None, 'NO', 'NO', None)
[2023-09-15T15:41:14.187+0000] {logging_mixin.py:150} INFO - !!!!!!!!!!!!!!! CHECK TABLE : ('ecommerce_db', 'pg_catalog', 'pg_stats_ext', 'VIEW', None, None, None, None, None, 'NO', 'NO', None)
[2023-09-15T15:41:14.188+0000] {logging_mixin.py:150} INFO - !!!!!!!!!!!!!!! CHECK TABLE : ('ecommerce_db', 'pg_catalog', 'pg_publication_tables', 'VIEW', None, None, None, None, None, 'NO', 'NO', None)
[2023-09-15T15:41:14.189+0000] {logging_mixin.py:150} INFO - !!!!!!!!!!!!!!! CHECK TABLE : ('ecommerce_db', 'pg_catalog', 'pg_locks', 'VIEW', None, None, None, None, None, 'NO', 'NO', None)
[2023-09-15T15:41:14.190+0000] {logging_mixin.py:150} INFO - !!!!!!!!!!!!!!! CHECK TABLE : ('ecommerce_db', 'pg_catalog', 'pg_cursors', 'VIEW', None, None, None, None, None, 'NO', 'NO', None)
[2023-09-15T15:41:14.192+0000] {logging_mixin.py:150} INFO - !!!!!!!!!!!!!!! CHECK TABLE : ('ecommerce_db', 'pg_catalog', 'pg_available_extensions', 'VIEW', None, None, None, None, None, 'NO', 'NO', None)
[2023-09-15T15:41:14.193+0000] {logging_mixin.py:150} INFO - !!!!!!!!!!!!!!! CHECK TABLE : ('ecommerce_db', 'pg_catalog', 'pg_available_extension_versions', 'VIEW', None, None, None, None, None, 'NO', 'NO', None)
[2023-09-15T15:41:14.194+0000] {logging_mixin.py:150} INFO - !!!!!!!!!!!!!!! CHECK TABLE : ('ecommerce_db', 'pg_catalog', 'pg_prepared_xacts', 'VIEW', None, None, None, None, None, 'NO', 'NO', None)
[2023-09-15T15:41:14.196+0000] {logging_mixin.py:150} INFO - !!!!!!!!!!!!!!! CHECK TABLE : ('ecommerce_db', 'pg_catalog', 'pg_seclabels', 'VIEW', None, None, None, None, None, 'NO', 'NO', None)
[2023-09-15T15:41:14.197+0000] {logging_mixin.py:150} INFO - !!!!!!!!!!!!!!! CHECK TABLE : ('ecommerce_db', 'pg_catalog', 'pg_statio_user_tables', 'VIEW', None, None, None, None, None, 'NO', 'NO', None)
[2023-09-15T15:41:14.198+0000] {logging_mixin.py:150} INFO - !!!!!!!!!!!!!!! CHECK TABLE : ('ecommerce_db', 'pg_catalog', 'pg_stat_all_indexes', 'VIEW', None, None, None, None, None, 'NO', 'NO', None)
[2023-09-15T15:41:14.200+0000] {logging_mixin.py:150} INFO - !!!!!!!!!!!!!!! CHECK TABLE : ('ecommerce_db', 'pg_catalog', 'pg_timezone_abbrevs', 'VIEW', None, None, None, None, None, 'NO', 'NO', None)
[2023-09-15T15:41:14.201+0000] {logging_mixin.py:150} INFO - !!!!!!!!!!!!!!! CHECK TABLE : ('ecommerce_db', 'pg_catalog', 'pg_timezone_names', 'VIEW', None, None, None, None, None, 'NO', 'NO', None)
[2023-09-15T15:41:14.203+0000] {logging_mixin.py:150} INFO - !!!!!!!!!!!!!!! CHECK TABLE : ('ecommerce_db', 'pg_catalog', 'pg_stat_sys_indexes', 'VIEW', None, None, None, None, None, 'NO', 'NO', None)
[2023-09-15T15:41:14.204+0000] {logging_mixin.py:150} INFO - !!!!!!!!!!!!!!! CHECK TABLE : ('ecommerce_db', 'pg_catalog', 'pg_stat_all_tables', 'VIEW', None, None, None, None, None, 'NO', 'NO', None)
[2023-09-15T15:41:14.205+0000] {logging_mixin.py:150} INFO - !!!!!!!!!!!!!!! CHECK TABLE : ('ecommerce_db', 'pg_catalog', 'pg_stat_xact_all_tables', 'VIEW', None, None, None, None, None, 'NO', 'NO', None)
[2023-09-15T15:41:14.207+0000] {logging_mixin.py:150} INFO - !!!!!!!!!!!!!!! CHECK TABLE : ('ecommerce_db', 'pg_catalog', 'pg_stat_sys_tables', 'VIEW', None, None, None, None, None, 'NO', 'NO', None)
[2023-09-15T15:41:14.209+0000] {logging_mixin.py:150} INFO - !!!!!!!!!!!!!!! CHECK TABLE : ('ecommerce_db', 'pg_catalog', 'pg_stat_xact_sys_tables', 'VIEW', None, None, None, None, None, 'NO', 'NO', None)
[2023-09-15T15:41:14.211+0000] {logging_mixin.py:150} INFO - !!!!!!!!!!!!!!! CHECK TABLE : ('ecommerce_db', 'pg_catalog', 'pg_stat_user_tables', 'VIEW', None, None, None, None, None, 'NO', 'NO', None)
[2023-09-15T15:41:14.213+0000] {logging_mixin.py:150} INFO - !!!!!!!!!!!!!!! CHECK TABLE : ('ecommerce_db', 'pg_catalog', 'pg_stat_xact_user_tables', 'VIEW', None, None, None, None, None, 'NO', 'NO', None)
[2023-09-15T15:41:14.214+0000] {logging_mixin.py:150} INFO - !!!!!!!!!!!!!!! CHECK TABLE : ('ecommerce_db', 'pg_catalog', 'pg_statio_all_tables', 'VIEW', None, None, None, None, None, 'NO', 'NO', None)
[2023-09-15T15:41:14.215+0000] {logging_mixin.py:150} INFO - !!!!!!!!!!!!!!! CHECK TABLE : ('ecommerce_db', 'pg_catalog', 'pg_statio_sys_tables', 'VIEW', None, None, None, None, None, 'NO', 'NO', None)
[2023-09-15T15:41:14.216+0000] {logging_mixin.py:150} INFO - !!!!!!!!!!!!!!! CHECK TABLE : ('ecommerce_db', 'pg_catalog', 'pg_stat_user_indexes', 'VIEW', None, None, None, None, None, 'NO', 'NO', None)
[2023-09-15T15:41:14.218+0000] {logging_mixin.py:150} INFO - !!!!!!!!!!!!!!! CHECK TABLE : ('ecommerce_db', 'pg_catalog', 'pg_statio_all_indexes', 'VIEW', None, None, None, None, None, 'NO', 'NO', None)
[2023-09-15T15:41:14.219+0000] {logging_mixin.py:150} INFO - !!!!!!!!!!!!!!! CHECK TABLE : ('ecommerce_db', 'pg_catalog', 'pg_statio_sys_indexes', 'VIEW', None, None, None, None, None, 'NO', 'NO', None)
[2023-09-15T15:41:14.221+0000] {logging_mixin.py:150} INFO - !!!!!!!!!!!!!!! CHECK TABLE : ('ecommerce_db', 'pg_catalog', 'pg_statio_user_indexes', 'VIEW', None, None, None, None, None, 'NO', 'NO', None)
[2023-09-15T15:41:14.223+0000] {logging_mixin.py:150} INFO - !!!!!!!!!!!!!!! CHECK TABLE : ('ecommerce_db', 'pg_catalog', 'pg_statio_all_sequences', 'VIEW', None, None, None, None, None, 'NO', 'NO', None)
[2023-09-15T15:41:14.224+0000] {logging_mixin.py:150} INFO - !!!!!!!!!!!!!!! CHECK TABLE : ('ecommerce_db', 'pg_catalog', 'pg_statio_sys_sequences', 'VIEW', None, None, None, None, None, 'NO', 'NO', None)
[2023-09-15T15:41:14.225+0000] {logging_mixin.py:150} INFO - !!!!!!!!!!!!!!! CHECK TABLE : ('ecommerce_db', 'pg_catalog', 'pg_statio_user_sequences', 'VIEW', None, None, None, None, None, 'NO', 'NO', None)
[2023-09-15T15:41:14.227+0000] {logging_mixin.py:150} INFO - !!!!!!!!!!!!!!! CHECK TABLE : ('ecommerce_db', 'pg_catalog', 'pg_stat_activity', 'VIEW', None, None, None, None, None, 'NO', 'NO', None)
[2023-09-15T15:41:14.228+0000] {logging_mixin.py:150} INFO - !!!!!!!!!!!!!!! CHECK TABLE : ('ecommerce_db', 'pg_catalog', 'pg_stat_replication', 'VIEW', None, None, None, None, None, 'NO', 'NO', None)
[2023-09-15T15:41:14.230+0000] {logging_mixin.py:150} INFO - !!!!!!!!!!!!!!! CHECK TABLE : ('ecommerce_db', 'pg_catalog', 'pg_stat_slru', 'VIEW', None, None, None, None, None, 'NO', 'NO', None)
[2023-09-15T15:41:14.231+0000] {logging_mixin.py:150} INFO - !!!!!!!!!!!!!!! CHECK TABLE : ('ecommerce_db', 'pg_catalog', 'pg_stat_wal_receiver', 'VIEW', None, None, None, None, None, 'NO', 'NO', None)
[2023-09-15T15:41:14.233+0000] {logging_mixin.py:150} INFO - !!!!!!!!!!!!!!! CHECK TABLE : ('ecommerce_db', 'pg_catalog', 'pg_stat_subscription', 'VIEW', None, None, None, None, None, 'NO', 'NO', None)
[2023-09-15T15:41:14.234+0000] {logging_mixin.py:150} INFO - !!!!!!!!!!!!!!! CHECK TABLE : ('ecommerce_db', 'pg_catalog', 'pg_stat_ssl', 'VIEW', None, None, None, None, None, 'NO', 'NO', None)
[2023-09-15T15:41:14.236+0000] {logging_mixin.py:150} INFO - !!!!!!!!!!!!!!! CHECK TABLE : ('ecommerce_db', 'pg_catalog', 'pg_stat_gssapi', 'VIEW', None, None, None, None, None, 'NO', 'NO', None)
[2023-09-15T15:41:14.237+0000] {logging_mixin.py:150} INFO - !!!!!!!!!!!!!!! CHECK TABLE : ('ecommerce_db', 'pg_catalog', 'pg_replication_slots', 'VIEW', None, None, None, None, None, 'NO', 'NO', None)
[2023-09-15T15:41:14.239+0000] {logging_mixin.py:150} INFO - !!!!!!!!!!!!!!! CHECK TABLE : ('ecommerce_db', 'pg_catalog', 'pg_stat_database', 'VIEW', None, None, None, None, None, 'NO', 'NO', None)
[2023-09-15T15:41:14.241+0000] {logging_mixin.py:150} INFO - !!!!!!!!!!!!!!! CHECK TABLE : ('ecommerce_db', 'pg_catalog', 'pg_stat_database_conflicts', 'VIEW', None, None, None, None, None, 'YES', 'NO', None)
[2023-09-15T15:41:14.242+0000] {logging_mixin.py:150} INFO - !!!!!!!!!!!!!!! CHECK TABLE : ('ecommerce_db', 'pg_catalog', 'pg_stat_user_functions', 'VIEW', None, None, None, None, None, 'NO', 'NO', None)
[2023-09-15T15:41:14.244+0000] {logging_mixin.py:150} INFO - !!!!!!!!!!!!!!! CHECK TABLE : ('ecommerce_db', 'pg_catalog', 'pg_stat_xact_user_functions', 'VIEW', None, None, None, None, None, 'NO', 'NO', None)
[2023-09-15T15:41:14.246+0000] {logging_mixin.py:150} INFO - !!!!!!!!!!!!!!! CHECK TABLE : ('ecommerce_db', 'pg_catalog', 'pg_stat_archiver', 'VIEW', None, None, None, None, None, 'NO', 'NO', None)
[2023-09-15T15:41:14.247+0000] {logging_mixin.py:150} INFO - !!!!!!!!!!!!!!! CHECK TABLE : ('ecommerce_db', 'pg_catalog', 'pg_stat_bgwriter', 'VIEW', None, None, None, None, None, 'NO', 'NO', None)
[2023-09-15T15:41:14.248+0000] {logging_mixin.py:150} INFO - !!!!!!!!!!!!!!! CHECK TABLE : ('ecommerce_db', 'pg_catalog', 'pg_stat_progress_analyze', 'VIEW', None, None, None, None, None, 'NO', 'NO', None)
[2023-09-15T15:41:14.249+0000] {logging_mixin.py:150} INFO - !!!!!!!!!!!!!!! CHECK TABLE : ('ecommerce_db', 'information_schema', 'columns', 'VIEW', None, None, None, None, None, 'NO', 'NO', None)
[2023-09-15T15:41:14.251+0000] {logging_mixin.py:150} INFO - !!!!!!!!!!!!!!! CHECK TABLE : ('ecommerce_db', 'information_schema', 'information_schema_catalog_name', 'VIEW', None, None, None, None, None, 'NO', 'NO', None)
[2023-09-15T15:41:14.252+0000] {logging_mixin.py:150} INFO - !!!!!!!!!!!!!!! CHECK TABLE : ('ecommerce_db', 'information_schema', 'collations', 'VIEW', None, None, None, None, None, 'NO', 'NO', None)
[2023-09-15T15:41:14.253+0000] {logging_mixin.py:150} INFO - !!!!!!!!!!!!!!! CHECK TABLE : ('ecommerce_db', 'information_schema', 'applicable_roles', 'VIEW', None, None, None, None, None, 'NO', 'NO', None)
[2023-09-15T15:41:14.255+0000] {logging_mixin.py:150} INFO - !!!!!!!!!!!!!!! CHECK TABLE : ('ecommerce_db', 'information_schema', 'administrable_role_authorizations', 'VIEW', None, None, None, None, None, 'NO', 'NO', None)
[2023-09-15T15:41:14.257+0000] {logging_mixin.py:150} INFO - !!!!!!!!!!!!!!! CHECK TABLE : ('ecommerce_db', 'information_schema', 'column_privileges', 'VIEW', None, None, None, None, None, 'NO', 'NO', None)
[2023-09-15T15:41:14.258+0000] {logging_mixin.py:150} INFO - !!!!!!!!!!!!!!! CHECK TABLE : ('ecommerce_db', 'information_schema', 'attributes', 'VIEW', None, None, None, None, None, 'NO', 'NO', None)
[2023-09-15T15:41:14.259+0000] {logging_mixin.py:150} INFO - !!!!!!!!!!!!!!! CHECK TABLE : ('ecommerce_db', 'information_schema', 'collation_character_set_applicability', 'VIEW', None, None, None, None, None, 'NO', 'NO', None)
[2023-09-15T15:41:14.261+0000] {logging_mixin.py:150} INFO - !!!!!!!!!!!!!!! CHECK TABLE : ('ecommerce_db', 'information_schema', 'character_sets', 'VIEW', None, None, None, None, None, 'NO', 'NO', None)
[2023-09-15T15:41:14.262+0000] {logging_mixin.py:150} INFO - !!!!!!!!!!!!!!! CHECK TABLE : ('ecommerce_db', 'information_schema', 'check_constraint_routine_usage', 'VIEW', None, None, None, None, None, 'NO', 'NO', None)
[2023-09-15T15:41:14.263+0000] {logging_mixin.py:150} INFO - !!!!!!!!!!!!!!! CHECK TABLE : ('ecommerce_db', 'information_schema', 'check_constraints', 'VIEW', None, None, None, None, None, 'NO', 'NO', None)
[2023-09-15T15:41:14.264+0000] {logging_mixin.py:150} INFO - !!!!!!!!!!!!!!! CHECK TABLE : ('ecommerce_db', 'information_schema', 'column_column_usage', 'VIEW', None, None, None, None, None, 'NO', 'NO', None)
[2023-09-15T15:41:14.266+0000] {logging_mixin.py:150} INFO - !!!!!!!!!!!!!!! CHECK TABLE : ('ecommerce_db', 'information_schema', 'column_domain_usage', 'VIEW', None, None, None, None, None, 'NO', 'NO', None)
[2023-09-15T15:41:14.267+0000] {logging_mixin.py:150} INFO - !!!!!!!!!!!!!!! CHECK TABLE : ('ecommerce_db', 'information_schema', 'column_udt_usage', 'VIEW', None, None, None, None, None, 'NO', 'NO', None)
[2023-09-15T15:41:14.269+0000] {logging_mixin.py:150} INFO - !!!!!!!!!!!!!!! CHECK TABLE : ('ecommerce_db', 'information_schema', 'constraint_column_usage', 'VIEW', None, None, None, None, None, 'NO', 'NO', None)
[2023-09-15T15:41:14.272+0000] {logging_mixin.py:150} INFO - !!!!!!!!!!!!!!! CHECK TABLE : ('ecommerce_db', 'information_schema', 'constraint_table_usage', 'VIEW', None, None, None, None, None, 'NO', 'NO', None)
[2023-09-15T15:41:14.273+0000] {logging_mixin.py:150} INFO - !!!!!!!!!!!!!!! CHECK TABLE : ('ecommerce_db', 'information_schema', 'domain_constraints', 'VIEW', None, None, None, None, None, 'NO', 'NO', None)
[2023-09-15T15:41:14.275+0000] {logging_mixin.py:150} INFO - !!!!!!!!!!!!!!! CHECK TABLE : ('ecommerce_db', 'information_schema', 'domain_udt_usage', 'VIEW', None, None, None, None, None, 'NO', 'NO', None)
[2023-09-15T15:41:14.276+0000] {logging_mixin.py:150} INFO - !!!!!!!!!!!!!!! CHECK TABLE : ('ecommerce_db', 'information_schema', 'domains', 'VIEW', None, None, None, None, None, 'NO', 'NO', None)
[2023-09-15T15:41:14.277+0000] {logging_mixin.py:150} INFO - !!!!!!!!!!!!!!! CHECK TABLE : ('ecommerce_db', 'information_schema', 'enabled_roles', 'VIEW', None, None, None, None, None, 'NO', 'NO', None)
[2023-09-15T15:41:14.278+0000] {logging_mixin.py:150} INFO - !!!!!!!!!!!!!!! CHECK TABLE : ('ecommerce_db', 'information_schema', 'sql_implementation_info', 'BASE TABLE', None, None, None, None, None, 'YES', 'NO', None)
[2023-09-15T15:41:14.280+0000] {logging_mixin.py:150} INFO - !!!!!!!!!!!!!!! CHECK TABLE : ('ecommerce_db', 'information_schema', 'key_column_usage', 'VIEW', None, None, None, None, None, 'NO', 'NO', None)
[2023-09-15T15:41:14.281+0000] {logging_mixin.py:150} INFO - !!!!!!!!!!!!!!! CHECK TABLE : ('ecommerce_db', 'information_schema', 'parameters', 'VIEW', None, None, None, None, None, 'NO', 'NO', None)
[2023-09-15T15:41:14.282+0000] {logging_mixin.py:150} INFO - !!!!!!!!!!!!!!! CHECK TABLE : ('ecommerce_db', 'information_schema', 'referential_constraints', 'VIEW', None, None, None, None, None, 'NO', 'NO', None)
[2023-09-15T15:41:14.283+0000] {logging_mixin.py:150} INFO - !!!!!!!!!!!!!!! CHECK TABLE : ('ecommerce_db', 'information_schema', 'role_column_grants', 'VIEW', None, None, None, None, None, 'NO', 'NO', None)
[2023-09-15T15:41:14.284+0000] {logging_mixin.py:150} INFO - !!!!!!!!!!!!!!! CHECK TABLE : ('ecommerce_db', 'information_schema', 'sql_parts', 'BASE TABLE', None, None, None, None, None, 'YES', 'NO', None)
[2023-09-15T15:41:14.285+0000] {logging_mixin.py:150} INFO - !!!!!!!!!!!!!!! CHECK TABLE : ('ecommerce_db', 'information_schema', 'routine_privileges', 'VIEW', None, None, None, None, None, 'NO', 'NO', None)
[2023-09-15T15:41:14.287+0000] {logging_mixin.py:150} INFO - !!!!!!!!!!!!!!! CHECK TABLE : ('ecommerce_db', 'information_schema', 'role_routine_grants', 'VIEW', None, None, None, None, None, 'NO', 'NO', None)
[2023-09-15T15:41:14.288+0000] {logging_mixin.py:150} INFO - !!!!!!!!!!!!!!! CHECK TABLE : ('ecommerce_db', 'information_schema', 'routines', 'VIEW', None, None, None, None, None, 'NO', 'NO', None)
[2023-09-15T15:41:14.289+0000] {logging_mixin.py:150} INFO - !!!!!!!!!!!!!!! CHECK TABLE : ('ecommerce_db', 'information_schema', 'schemata', 'VIEW', None, None, None, None, None, 'NO', 'NO', None)
[2023-09-15T15:41:14.291+0000] {logging_mixin.py:150} INFO - !!!!!!!!!!!!!!! CHECK TABLE : ('ecommerce_db', 'information_schema', 'tables', 'VIEW', None, None, None, None, None, 'NO', 'NO', None)
[2023-09-15T15:41:14.292+0000] {logging_mixin.py:150} INFO - !!!!!!!!!!!!!!! CHECK TABLE : ('ecommerce_db', 'information_schema', 'sequences', 'VIEW', None, None, None, None, None, 'NO', 'NO', None)
[2023-09-15T15:41:14.293+0000] {logging_mixin.py:150} INFO - !!!!!!!!!!!!!!! CHECK TABLE : ('ecommerce_db', 'information_schema', 'sql_sizing', 'BASE TABLE', None, None, None, None, None, 'YES', 'NO', None)
[2023-09-15T15:41:14.294+0000] {logging_mixin.py:150} INFO - !!!!!!!!!!!!!!! CHECK TABLE : ('ecommerce_db', 'information_schema', 'sql_features', 'BASE TABLE', None, None, None, None, None, 'YES', 'NO', None)
[2023-09-15T15:41:14.295+0000] {logging_mixin.py:150} INFO - !!!!!!!!!!!!!!! CHECK TABLE : ('ecommerce_db', 'information_schema', 'table_constraints', 'VIEW', None, None, None, None, None, 'NO', 'NO', None)
[2023-09-15T15:41:14.297+0000] {logging_mixin.py:150} INFO - !!!!!!!!!!!!!!! CHECK TABLE : ('ecommerce_db', 'information_schema', 'transforms', 'VIEW', None, None, None, None, None, 'NO', 'NO', None)
[2023-09-15T15:41:14.298+0000] {logging_mixin.py:150} INFO - !!!!!!!!!!!!!!! CHECK TABLE : ('ecommerce_db', 'information_schema', 'table_privileges', 'VIEW', None, None, None, None, None, 'NO', 'NO', None)
[2023-09-15T15:41:14.299+0000] {logging_mixin.py:150} INFO - !!!!!!!!!!!!!!! CHECK TABLE : ('ecommerce_db', 'information_schema', 'role_table_grants', 'VIEW', None, None, None, None, None, 'NO', 'NO', None)
[2023-09-15T15:41:14.300+0000] {logging_mixin.py:150} INFO - !!!!!!!!!!!!!!! CHECK TABLE : ('ecommerce_db', 'information_schema', 'udt_privileges', 'VIEW', None, None, None, None, None, 'NO', 'NO', None)
[2023-09-15T15:41:14.302+0000] {logging_mixin.py:150} INFO - !!!!!!!!!!!!!!! CHECK TABLE : ('ecommerce_db', 'information_schema', 'triggered_update_columns', 'VIEW', None, None, None, None, None, 'NO', 'NO', None)
[2023-09-15T15:41:14.303+0000] {logging_mixin.py:150} INFO - !!!!!!!!!!!!!!! CHECK TABLE : ('ecommerce_db', 'information_schema', 'triggers', 'VIEW', None, None, None, None, None, 'NO', 'NO', None)
[2023-09-15T15:41:14.304+0000] {logging_mixin.py:150} INFO - !!!!!!!!!!!!!!! CHECK TABLE : ('ecommerce_db', 'information_schema', 'usage_privileges', 'VIEW', None, None, None, None, None, 'NO', 'NO', None)
[2023-09-15T15:41:14.305+0000] {logging_mixin.py:150} INFO - !!!!!!!!!!!!!!! CHECK TABLE : ('ecommerce_db', 'information_schema', 'role_udt_grants', 'VIEW', None, None, None, None, None, 'NO', 'NO', None)
[2023-09-15T15:41:14.306+0000] {logging_mixin.py:150} INFO - !!!!!!!!!!!!!!! CHECK TABLE : ('ecommerce_db', 'information_schema', 'role_usage_grants', 'VIEW', None, None, None, None, None, 'NO', 'NO', None)
[2023-09-15T15:41:14.308+0000] {logging_mixin.py:150} INFO - !!!!!!!!!!!!!!! CHECK TABLE : ('ecommerce_db', 'information_schema', 'user_defined_types', 'VIEW', None, None, None, None, None, 'NO', 'NO', None)
[2023-09-15T15:41:14.309+0000] {logging_mixin.py:150} INFO - !!!!!!!!!!!!!!! CHECK TABLE : ('ecommerce_db', 'information_schema', 'view_column_usage', 'VIEW', None, None, None, None, None, 'NO', 'NO', None)
[2023-09-15T15:41:14.311+0000] {logging_mixin.py:150} INFO - !!!!!!!!!!!!!!! CHECK TABLE : ('ecommerce_db', 'information_schema', 'view_routine_usage', 'VIEW', None, None, None, None, None, 'NO', 'NO', None)
[2023-09-15T15:41:14.312+0000] {logging_mixin.py:150} INFO - !!!!!!!!!!!!!!! CHECK TABLE : ('ecommerce_db', 'information_schema', 'view_table_usage', 'VIEW', None, None, None, None, None, 'NO', 'NO', None)
[2023-09-15T15:41:14.313+0000] {logging_mixin.py:150} INFO - !!!!!!!!!!!!!!! CHECK TABLE : ('ecommerce_db', 'information_schema', 'foreign_tables', 'VIEW', None, None, None, None, None, 'NO', 'NO', None)
[2023-09-15T15:41:14.314+0000] {logging_mixin.py:150} INFO - !!!!!!!!!!!!!!! CHECK TABLE : ('ecommerce_db', 'information_schema', 'views', 'VIEW', None, None, None, None, None, 'NO', 'NO', None)
[2023-09-15T15:41:14.315+0000] {logging_mixin.py:150} INFO - !!!!!!!!!!!!!!! CHECK TABLE : ('ecommerce_db', 'information_schema', 'data_type_privileges', 'VIEW', None, None, None, None, None, 'NO', 'NO', None)
[2023-09-15T15:41:14.317+0000] {logging_mixin.py:150} INFO - !!!!!!!!!!!!!!! CHECK TABLE : ('ecommerce_db', 'information_schema', '_pg_user_mappings', 'VIEW', None, None, None, None, None, 'NO', 'NO', None)
[2023-09-15T15:41:14.318+0000] {logging_mixin.py:150} INFO - !!!!!!!!!!!!!!! CHECK TABLE : ('ecommerce_db', 'information_schema', 'element_types', 'VIEW', None, None, None, None, None, 'NO', 'NO', None)
[2023-09-15T15:41:14.319+0000] {logging_mixin.py:150} INFO - !!!!!!!!!!!!!!! CHECK TABLE : ('ecommerce_db', 'information_schema', '_pg_foreign_table_columns', 'VIEW', None, None, None, None, None, 'NO', 'NO', None)
[2023-09-15T15:41:14.321+0000] {logging_mixin.py:150} INFO - !!!!!!!!!!!!!!! CHECK TABLE : ('ecommerce_db', 'information_schema', 'column_options', 'VIEW', None, None, None, None, None, 'NO', 'NO', None)
[2023-09-15T15:41:14.323+0000] {logging_mixin.py:150} INFO - !!!!!!!!!!!!!!! CHECK TABLE : ('ecommerce_db', 'information_schema', '_pg_foreign_data_wrappers', 'VIEW', None, None, None, None, None, 'NO', 'NO', None)
[2023-09-15T15:41:14.324+0000] {logging_mixin.py:150} INFO - !!!!!!!!!!!!!!! CHECK TABLE : ('ecommerce_db', 'information_schema', 'foreign_data_wrapper_options', 'VIEW', None, None, None, None, None, 'NO', 'NO', None)
[2023-09-15T15:41:14.325+0000] {logging_mixin.py:150} INFO - !!!!!!!!!!!!!!! CHECK TABLE : ('ecommerce_db', 'information_schema', 'user_mapping_options', 'VIEW', None, None, None, None, None, 'NO', 'NO', None)
[2023-09-15T15:41:14.327+0000] {logging_mixin.py:150} INFO - !!!!!!!!!!!!!!! CHECK TABLE : ('ecommerce_db', 'information_schema', 'foreign_data_wrappers', 'VIEW', None, None, None, None, None, 'NO', 'NO', None)
[2023-09-15T15:41:14.328+0000] {logging_mixin.py:150} INFO - !!!!!!!!!!!!!!! CHECK TABLE : ('ecommerce_db', 'information_schema', '_pg_foreign_servers', 'VIEW', None, None, None, None, None, 'NO', 'NO', None)
[2023-09-15T15:41:14.329+0000] {logging_mixin.py:150} INFO - !!!!!!!!!!!!!!! CHECK TABLE : ('ecommerce_db', 'information_schema', 'foreign_server_options', 'VIEW', None, None, None, None, None, 'NO', 'NO', None)
[2023-09-15T15:41:14.330+0000] {logging_mixin.py:150} INFO - !!!!!!!!!!!!!!! CHECK TABLE : ('ecommerce_db', 'information_schema', 'foreign_servers', 'VIEW', None, None, None, None, None, 'NO', 'NO', None)
[2023-09-15T15:41:14.331+0000] {logging_mixin.py:150} INFO - !!!!!!!!!!!!!!! CHECK TABLE : ('ecommerce_db', 'information_schema', '_pg_foreign_tables', 'VIEW', None, None, None, None, None, 'NO', 'NO', None)
[2023-09-15T15:41:14.332+0000] {logging_mixin.py:150} INFO - !!!!!!!!!!!!!!! CHECK TABLE : ('ecommerce_db', 'information_schema', 'user_mappings', 'VIEW', None, None, None, None, None, 'NO', 'NO', None)
[2023-09-15T15:41:14.334+0000] {logging_mixin.py:150} INFO - !!!!!!!!!!!!!!! CHECK TABLE : ('ecommerce_db', 'information_schema', 'foreign_table_options', 'VIEW', None, None, None, None, None, 'NO', 'NO', None)
[2023-09-15T15:41:14.335+0000] {logging_mixin.py:150} INFO - !!!!!!!!!!!!!!! CHECK TABLE : ('ecommerce_db', 'public', 'ab_user', 'BASE TABLE', None, None, None, None, None, 'YES', 'NO', None)
[2023-09-15T15:41:14.336+0000] {logging_mixin.py:150} INFO - !!!!!!!!!!!!!!! CHECK TABLE : ('ecommerce_db', 'public', 'ab_register_user', 'BASE TABLE', None, None, None, None, None, 'YES', 'NO', None)
[2023-09-15T15:41:14.338+0000] {logging_mixin.py:150} INFO - !!!!!!!!!!!!!!! CHECK TABLE : ('ecommerce_db', 'public', 'dataset', 'BASE TABLE', None, None, None, None, None, 'YES', 'NO', None)
[2023-09-15T15:41:14.339+0000] {logging_mixin.py:150} INFO - !!!!!!!!!!!!!!! CHECK TABLE : ('ecommerce_db', 'public', 'dag_schedule_dataset_reference', 'BASE TABLE', None, None, None, None, None, 'YES', 'NO', None)
[2023-09-15T15:41:14.340+0000] {logging_mixin.py:150} INFO - !!!!!!!!!!!!!!! CHECK TABLE : ('ecommerce_db', 'public', 'dag', 'BASE TABLE', None, None, None, None, None, 'YES', 'NO', None)
[2023-09-15T15:41:14.341+0000] {logging_mixin.py:150} INFO - !!!!!!!!!!!!!!! CHECK TABLE : ('ecommerce_db', 'public', 'task_outlet_dataset_reference', 'BASE TABLE', None, None, None, None, None, 'YES', 'NO', None)
[2023-09-15T15:41:14.343+0000] {logging_mixin.py:150} INFO - !!!!!!!!!!!!!!! CHECK TABLE : ('ecommerce_db', 'public', 'dataset_dag_run_queue', 'BASE TABLE', None, None, None, None, None, 'YES', 'NO', None)
[2023-09-15T15:41:14.344+0000] {logging_mixin.py:150} INFO - !!!!!!!!!!!!!!! CHECK TABLE : ('ecommerce_db', 'public', 'log_template', 'BASE TABLE', None, None, None, None, None, 'YES', 'NO', None)
[2023-09-15T15:41:14.345+0000] {logging_mixin.py:150} INFO - !!!!!!!!!!!!!!! CHECK TABLE : ('ecommerce_db', 'public', 'dag_run', 'BASE TABLE', None, None, None, None, None, 'YES', 'NO', None)
[2023-09-15T15:41:14.346+0000] {logging_mixin.py:150} INFO - !!!!!!!!!!!!!!! CHECK TABLE : ('ecommerce_db', 'public', 'dag_tag', 'BASE TABLE', None, None, None, None, None, 'YES', 'NO', None)
[2023-09-15T15:41:14.351+0000] {logging_mixin.py:150} INFO - !!!!!!!!!!!!!!! CHECK TABLE : ('ecommerce_db', 'public', 'dag_owner_attributes', 'BASE TABLE', None, None, None, None, None, 'YES', 'NO', None)
[2023-09-15T15:41:14.352+0000] {logging_mixin.py:150} INFO - !!!!!!!!!!!!!!! CHECK TABLE : ('ecommerce_db', 'public', 'dag_warning', 'BASE TABLE', None, None, None, None, None, 'YES', 'NO', None)
[2023-09-15T15:41:14.354+0000] {logging_mixin.py:150} INFO - !!!!!!!!!!!!!!! CHECK TABLE : ('ecommerce_db', 'public', 'ab_permission', 'BASE TABLE', None, None, None, None, None, 'YES', 'NO', None)
[2023-09-15T15:41:14.355+0000] {logging_mixin.py:150} INFO - !!!!!!!!!!!!!!! CHECK TABLE : ('ecommerce_db', 'public', 'ab_permission_view', 'BASE TABLE', None, None, None, None, None, 'YES', 'NO', None)
[2023-09-15T15:41:14.357+0000] {logging_mixin.py:150} INFO - !!!!!!!!!!!!!!! CHECK TABLE : ('ecommerce_db', 'public', 'ab_view_menu', 'BASE TABLE', None, None, None, None, None, 'YES', 'NO', None)
[2023-09-15T15:41:14.358+0000] {logging_mixin.py:150} INFO - !!!!!!!!!!!!!!! CHECK TABLE : ('ecommerce_db', 'public', 'ab_user_role', 'BASE TABLE', None, None, None, None, None, 'YES', 'NO', None)
[2023-09-15T15:41:14.359+0000] {logging_mixin.py:150} INFO - !!!!!!!!!!!!!!! CHECK TABLE : ('ecommerce_db', 'public', 'ab_role', 'BASE TABLE', None, None, None, None, None, 'YES', 'NO', None)
[2023-09-15T15:41:14.360+0000] {logging_mixin.py:150} INFO - !!!!!!!!!!!!!!! CHECK TABLE : ('ecommerce_db', 'public', 'dagrun_dataset_event', 'BASE TABLE', None, None, None, None, None, 'YES', 'NO', None)
[2023-09-15T15:41:14.361+0000] {logging_mixin.py:150} INFO - !!!!!!!!!!!!!!! CHECK TABLE : ('ecommerce_db', 'public', 'dataset_event', 'BASE TABLE', None, None, None, None, None, 'YES', 'NO', None)
[2023-09-15T15:41:14.362+0000] {logging_mixin.py:150} INFO - !!!!!!!!!!!!!!! CHECK TABLE : ('ecommerce_db', 'public', 'trigger', 'BASE TABLE', None, None, None, None, None, 'YES', 'NO', None)
[2023-09-15T15:41:14.363+0000] {logging_mixin.py:150} INFO - !!!!!!!!!!!!!!! CHECK TABLE : ('ecommerce_db', 'public', 'task_instance', 'BASE TABLE', None, None, None, None, None, 'YES', 'NO', None)
[2023-09-15T15:41:14.365+0000] {logging_mixin.py:150} INFO - !!!!!!!!!!!!!!! CHECK TABLE : ('ecommerce_db', 'public', 'dag_run_note', 'BASE TABLE', None, None, None, None, None, 'YES', 'NO', None)
[2023-09-15T15:41:14.366+0000] {logging_mixin.py:150} INFO - !!!!!!!!!!!!!!! CHECK TABLE : ('ecommerce_db', 'public', 'ab_permission_view_role', 'BASE TABLE', None, None, None, None, None, 'YES', 'NO', None)
[2023-09-15T15:41:14.367+0000] {logging_mixin.py:150} INFO - !!!!!!!!!!!!!!! CHECK TABLE : ('ecommerce_db', 'public', 'task_fail', 'BASE TABLE', None, None, None, None, None, 'YES', 'NO', None)
[2023-09-15T15:41:14.369+0000] {logging_mixin.py:150} INFO - !!!!!!!!!!!!!!! CHECK TABLE : ('ecommerce_db', 'public', 'task_map', 'BASE TABLE', None, None, None, None, None, 'YES', 'NO', None)
[2023-09-15T15:41:14.370+0000] {logging_mixin.py:150} INFO - !!!!!!!!!!!!!!! CHECK TABLE : ('ecommerce_db', 'public', 'alembic_version', 'BASE TABLE', None, None, None, None, None, 'YES', 'NO', None)
[2023-09-15T15:41:14.371+0000] {logging_mixin.py:150} INFO - !!!!!!!!!!!!!!! CHECK TABLE : ('ecommerce_db', 'public', 'task_reschedule', 'BASE TABLE', None, None, None, None, None, 'YES', 'NO', None)
[2023-09-15T15:41:14.373+0000] {logging_mixin.py:150} INFO - !!!!!!!!!!!!!!! CHECK TABLE : ('ecommerce_db', 'public', 'xcom', 'BASE TABLE', None, None, None, None, None, 'YES', 'NO', None)
[2023-09-15T15:41:14.374+0000] {logging_mixin.py:150} INFO - !!!!!!!!!!!!!!! CHECK TABLE : ('ecommerce_db', 'public', 'task_instance_note', 'BASE TABLE', None, None, None, None, None, 'YES', 'NO', None)
[2023-09-15T15:41:14.375+0000] {logging_mixin.py:150} INFO - !!!!!!!!!!!!!!! CHECK TABLE : ('ecommerce_db', 'public', 'rendered_task_instance_fields', 'BASE TABLE', None, None, None, None, None, 'YES', 'NO', None)
[2023-09-15T15:41:14.377+0000] {logging_mixin.py:150} INFO - !!!!!!!!!!!!!!! CHECK TABLE : ('ecommerce_db', 'public', 'session', 'BASE TABLE', None, None, None, None, None, 'YES', 'NO', None)
[2023-09-15T15:41:14.379+0000] {logging_mixin.py:150} INFO - !!!!!!!!!!!!!!! CHECK TABLE : ('ecommerce_db', 'public', 'databasechangelog', 'BASE TABLE', None, None, None, None, None, 'YES', 'NO', None)
[2023-09-15T15:41:14.380+0000] {logging_mixin.py:150} INFO - !!!!!!!!!!!!!!! CHECK TABLE : ('ecommerce_db', 'public', 'databasechangeloglock', 'BASE TABLE', None, None, None, None, None, 'YES', 'NO', None)
[2023-09-15T15:41:14.381+0000] {logging_mixin.py:150} INFO - !!!!!!!!!!!!!!! CHECK TABLE : ('ecommerce_db', 'public', 'core_user', 'BASE TABLE', None, None, None, None, None, 'YES', 'NO', None)
[2023-09-15T15:41:14.382+0000] {logging_mixin.py:150} INFO - !!!!!!!!!!!!!!! CHECK TABLE : ('ecommerce_db', 'public', 'metabase_field', 'BASE TABLE', None, None, None, None, None, 'YES', 'NO', None)
[2023-09-15T15:41:14.383+0000] {logging_mixin.py:150} INFO - !!!!!!!!!!!!!!! CHECK TABLE : ('ecommerce_db', 'public', 'metabase_database', 'BASE TABLE', None, None, None, None, None, 'YES', 'NO', None)
[2023-09-15T15:41:14.384+0000] {logging_mixin.py:150} INFO - !!!!!!!!!!!!!!! CHECK TABLE : ('ecommerce_db', 'public', 'metabase_table', 'BASE TABLE', None, None, None, None, None, 'YES', 'NO', None)
[2023-09-15T15:41:14.385+0000] {logging_mixin.py:150} INFO - !!!!!!!!!!!!!!! CHECK TABLE : ('ecommerce_db', 'public', 'metabase_fieldvalues', 'BASE TABLE', None, None, None, None, None, 'YES', 'NO', None)
[2023-09-15T15:41:14.386+0000] {logging_mixin.py:150} INFO - !!!!!!!!!!!!!!! CHECK TABLE : ('ecommerce_db', 'public', 'report_cardfavorite', 'BASE TABLE', None, None, None, None, None, 'YES', 'NO', None)
[2023-09-15T15:41:14.388+0000] {logging_mixin.py:150} INFO - !!!!!!!!!!!!!!! CHECK TABLE : ('ecommerce_db', 'public', 'report_card', 'BASE TABLE', None, None, None, None, None, 'YES', 'NO', None)
[2023-09-15T15:41:14.389+0000] {logging_mixin.py:150} INFO - !!!!!!!!!!!!!!! CHECK TABLE : ('ecommerce_db', 'public', 'report_dashboard', 'BASE TABLE', None, None, None, None, None, 'YES', 'NO', None)
[2023-09-15T15:41:14.391+0000] {logging_mixin.py:150} INFO - !!!!!!!!!!!!!!! CHECK TABLE : ('ecommerce_db', 'public', 'report_dashboardcard', 'BASE TABLE', None, None, None, None, None, 'YES', 'NO', None)
[2023-09-15T15:41:14.392+0000] {logging_mixin.py:150} INFO - !!!!!!!!!!!!!!! CHECK TABLE : ('ecommerce_db', 'public', 'core_session', 'BASE TABLE', None, None, None, None, None, 'YES', 'NO', None)
[2023-09-15T15:41:14.393+0000] {logging_mixin.py:150} INFO - !!!!!!!!!!!!!!! CHECK TABLE : ('ecommerce_db', 'public', 'setting', 'BASE TABLE', None, None, None, None, None, 'YES', 'NO', None)
[2023-09-15T15:41:14.395+0000] {logging_mixin.py:150} INFO - !!!!!!!!!!!!!!! CHECK TABLE : ('ecommerce_db', 'public', 'activity', 'BASE TABLE', None, None, None, None, None, 'YES', 'NO', None)
[2023-09-15T15:41:14.396+0000] {logging_mixin.py:150} INFO - !!!!!!!!!!!!!!! CHECK TABLE : ('ecommerce_db', 'public', 'revision', 'BASE TABLE', None, None, None, None, None, 'YES', 'NO', None)
[2023-09-15T15:41:14.397+0000] {logging_mixin.py:150} INFO - !!!!!!!!!!!!!!! CHECK TABLE : ('ecommerce_db', 'public', 'view_log', 'BASE TABLE', None, None, None, None, None, 'YES', 'NO', None)
[2023-09-15T15:41:14.399+0000] {logging_mixin.py:150} INFO - !!!!!!!!!!!!!!! CHECK TABLE : ('ecommerce_db', 'public', 'data_migrations', 'BASE TABLE', None, None, None, None, None, 'YES', 'NO', None)
[2023-09-15T15:41:14.400+0000] {logging_mixin.py:150} INFO - !!!!!!!!!!!!!!! CHECK TABLE : ('ecommerce_db', 'public', 'pulse_card', 'BASE TABLE', None, None, None, None, None, 'YES', 'NO', None)
[2023-09-15T15:41:14.401+0000] {logging_mixin.py:150} INFO - !!!!!!!!!!!!!!! CHECK TABLE : ('ecommerce_db', 'public', 'pulse_channel', 'BASE TABLE', None, None, None, None, None, 'YES', 'NO', None)
[2023-09-15T15:41:14.402+0000] {logging_mixin.py:150} INFO - !!!!!!!!!!!!!!! CHECK TABLE : ('ecommerce_db', 'public', 'dependency', 'BASE TABLE', None, None, None, None, None, 'YES', 'NO', None)
[2023-09-15T15:41:14.404+0000] {logging_mixin.py:150} INFO - !!!!!!!!!!!!!!! CHECK TABLE : ('ecommerce_db', 'public', 'pulse_channel_recipient', 'BASE TABLE', None, None, None, None, None, 'YES', 'NO', None)
[2023-09-15T15:41:14.406+0000] {logging_mixin.py:150} INFO - !!!!!!!!!!!!!!! CHECK TABLE : ('ecommerce_db', 'public', 'pulse', 'BASE TABLE', None, None, None, None, None, 'YES', 'NO', None)
[2023-09-15T15:41:14.407+0000] {logging_mixin.py:150} INFO - !!!!!!!!!!!!!!! CHECK TABLE : ('ecommerce_db', 'public', 'dashboardcard_series', 'BASE TABLE', None, None, None, None, None, 'YES', 'NO', None)
[2023-09-15T15:41:14.409+0000] {logging_mixin.py:150} INFO - !!!!!!!!!!!!!!! CHECK TABLE : ('ecommerce_db', 'public', 'metric', 'BASE TABLE', None, None, None, None, None, 'YES', 'NO', None)
[2023-09-15T15:41:14.410+0000] {logging_mixin.py:150} INFO - !!!!!!!!!!!!!!! CHECK TABLE : ('ecommerce_db', 'public', 'card_label', 'BASE TABLE', None, None, None, None, None, 'YES', 'NO', None)
[2023-09-15T15:41:14.411+0000] {logging_mixin.py:150} INFO - !!!!!!!!!!!!!!! CHECK TABLE : ('ecommerce_db', 'public', 'label', 'BASE TABLE', None, None, None, None, None, 'YES', 'NO', None)
[2023-09-15T15:41:14.412+0000] {logging_mixin.py:150} INFO - !!!!!!!!!!!!!!! CHECK TABLE : ('ecommerce_db', 'public', 'metric_important_field', 'BASE TABLE', None, None, None, None, None, 'YES', 'NO', None)
[2023-09-15T15:41:14.413+0000] {logging_mixin.py:150} INFO - !!!!!!!!!!!!!!! CHECK TABLE : ('ecommerce_db', 'public', 'permissions_group', 'BASE TABLE', None, None, None, None, None, 'YES', 'NO', None)
[2023-09-15T15:41:14.414+0000] {logging_mixin.py:150} INFO - !!!!!!!!!!!!!!! CHECK TABLE : ('ecommerce_db', 'public', 'segment', 'BASE TABLE', None, None, None, None, None, 'YES', 'NO', None)
[2023-09-15T15:41:14.415+0000] {logging_mixin.py:150} INFO - !!!!!!!!!!!!!!! CHECK TABLE : ('ecommerce_db', 'public', 'permissions', 'BASE TABLE', None, None, None, None, None, 'YES', 'NO', None)
[2023-09-15T15:41:14.417+0000] {logging_mixin.py:150} INFO - !!!!!!!!!!!!!!! CHECK TABLE : ('ecommerce_db', 'public', 'permissions_revision', 'BASE TABLE', None, None, None, None, None, 'YES', 'NO', None)
[2023-09-15T15:41:14.418+0000] {logging_mixin.py:150} INFO - !!!!!!!!!!!!!!! CHECK TABLE : ('ecommerce_db', 'public', 'permissions_group_membership', 'BASE TABLE', None, None, None, None, None, 'YES', 'NO', None)
[2023-09-15T15:41:14.419+0000] {logging_mixin.py:150} INFO - !!!!!!!!!!!!!!! CHECK TABLE : ('ecommerce_db', 'public', 'query', 'BASE TABLE', None, None, None, None, None, 'YES', 'NO', None)
[2023-09-15T15:41:14.420+0000] {logging_mixin.py:150} INFO - !!!!!!!!!!!!!!! CHECK TABLE : ('ecommerce_db', 'public', 'query_cache', 'BASE TABLE', None, None, None, None, None, 'YES', 'NO', None)
[2023-09-15T15:41:14.421+0000] {logging_mixin.py:150} INFO - !!!!!!!!!!!!!!! CHECK TABLE : ('ecommerce_db', 'public', 'collection', 'BASE TABLE', None, None, None, None, None, 'YES', 'NO', None)
[2023-09-15T15:41:14.422+0000] {logging_mixin.py:150} INFO - !!!!!!!!!!!!!!! CHECK TABLE : ('ecommerce_db', 'public', 'dashboard_favorite', 'BASE TABLE', None, None, None, None, None, 'YES', 'NO', None)
[2023-09-15T15:41:14.423+0000] {logging_mixin.py:150} INFO - !!!!!!!!!!!!!!! CHECK TABLE : ('ecommerce_db', 'public', 'dimension', 'BASE TABLE', None, None, None, None, None, 'YES', 'NO', None)
[2023-09-15T15:41:14.425+0000] {logging_mixin.py:150} INFO - !!!!!!!!!!!!!!! CHECK TABLE : ('ecommerce_db', 'public', 'collection_permission_graph_revision', 'BASE TABLE', None, None, None, None, None, 'YES', 'NO', None)
[2023-09-15T15:41:14.426+0000] {logging_mixin.py:150} INFO - !!!!!!!!!!!!!!! CHECK TABLE : ('ecommerce_db', 'public', 'query_execution', 'BASE TABLE', None, None, None, None, None, 'YES', 'NO', None)
[2023-09-15T15:41:14.430+0000] {logging_mixin.py:150} INFO - !!!!!!!!!!!!!!! CHECK TABLE : ('ecommerce_db', 'public', 'computation_job_result', 'BASE TABLE', None, None, None, None, None, 'YES', 'NO', None)
[2023-09-15T15:41:14.431+0000] {logging_mixin.py:150} INFO - !!!!!!!!!!!!!!! CHECK TABLE : ('ecommerce_db', 'public', 'computation_job', 'BASE TABLE', None, None, None, None, None, 'YES', 'NO', None)
[2023-09-15T15:41:14.433+0000] {logging_mixin.py:150} INFO - !!!!!!!!!!!!!!! CHECK TABLE : ('ecommerce_db', 'public', 'sandboxes', 'BASE TABLE', None, None, None, None, None, 'YES', 'NO', None)
[2023-09-15T15:41:14.435+0000] {logging_mixin.py:150} INFO - !!!!!!!!!!!!!!! CHECK TABLE : ('ecommerce_db', 'public', 'qrtz_job_details', 'BASE TABLE', None, None, None, None, None, 'YES', 'NO', None)
[2023-09-15T15:41:14.436+0000] {logging_mixin.py:150} INFO - !!!!!!!!!!!!!!! CHECK TABLE : ('ecommerce_db', 'public', 'qrtz_triggers', 'BASE TABLE', None, None, None, None, None, 'YES', 'NO', None)
[2023-09-15T15:41:14.438+0000] {logging_mixin.py:150} INFO - !!!!!!!!!!!!!!! CHECK TABLE : ('ecommerce_db', 'public', 'qrtz_simple_triggers', 'BASE TABLE', None, None, None, None, None, 'YES', 'NO', None)
[2023-09-15T15:41:14.439+0000] {logging_mixin.py:150} INFO - !!!!!!!!!!!!!!! CHECK TABLE : ('ecommerce_db', 'public', 'qrtz_cron_triggers', 'BASE TABLE', None, None, None, None, None, 'YES', 'NO', None)
[2023-09-15T15:41:14.441+0000] {logging_mixin.py:150} INFO - !!!!!!!!!!!!!!! CHECK TABLE : ('ecommerce_db', 'public', 'qrtz_simprop_triggers', 'BASE TABLE', None, None, None, None, None, 'YES', 'NO', None)
[2023-09-15T15:41:14.442+0000] {logging_mixin.py:150} INFO - !!!!!!!!!!!!!!! CHECK TABLE : ('ecommerce_db', 'public', 'qrtz_blob_triggers', 'BASE TABLE', None, None, None, None, None, 'YES', 'NO', None)
[2023-09-15T15:41:14.443+0000] {logging_mixin.py:150} INFO - !!!!!!!!!!!!!!! CHECK TABLE : ('ecommerce_db', 'public', 'qrtz_calendars', 'BASE TABLE', None, None, None, None, None, 'YES', 'NO', None)
[2023-09-15T15:41:14.444+0000] {logging_mixin.py:150} INFO - !!!!!!!!!!!!!!! CHECK TABLE : ('ecommerce_db', 'public', 'qrtz_paused_trigger_grps', 'BASE TABLE', None, None, None, None, None, 'YES', 'NO', None)
[2023-09-15T15:41:14.445+0000] {logging_mixin.py:150} INFO - !!!!!!!!!!!!!!! CHECK TABLE : ('ecommerce_db', 'public', 'qrtz_fired_triggers', 'BASE TABLE', None, None, None, None, None, 'YES', 'NO', None)
[2023-09-15T15:41:14.446+0000] {logging_mixin.py:150} INFO - !!!!!!!!!!!!!!! CHECK TABLE : ('ecommerce_db', 'public', 'qrtz_scheduler_state', 'BASE TABLE', None, None, None, None, None, 'YES', 'NO', None)
[2023-09-15T15:41:14.448+0000] {logging_mixin.py:150} INFO - !!!!!!!!!!!!!!! CHECK TABLE : ('ecommerce_db', 'public', 'qrtz_locks', 'BASE TABLE', None, None, None, None, None, 'YES', 'NO', None)
[2023-09-15T15:41:14.450+0000] {logging_mixin.py:150} INFO - !!!!!!!!!!!!!!! CHECK TABLE : ('ecommerce_db', 'public', 'task_history', 'BASE TABLE', None, None, None, None, None, 'YES', 'NO', None)
[2023-09-15T15:41:14.453+0000] {logging_mixin.py:150} INFO - !!!!!!!!!!!!!!! CHECK TABLE : ('ecommerce_db', 'public', 'native_query_snippet', 'BASE TABLE', None, None, None, None, None, 'YES', 'NO', None)
[2023-09-15T15:41:14.456+0000] {logging_mixin.py:150} INFO - !!!!!!!!!!!!!!! CHECK TABLE : ('ecommerce_db', 'public', 'login_history', 'BASE TABLE', None, None, None, None, None, 'YES', 'NO', None)
[2023-09-15T15:41:14.460+0000] {logging_mixin.py:150} INFO - !!!!!!!!!!!!!!! CHECK TABLE : ('ecommerce_db', 'public', 'moderation_review', 'BASE TABLE', None, None, None, None, None, 'YES', 'NO', None)
[2023-09-15T15:41:14.466+0000] {logging_mixin.py:150} INFO - !!!!!!!!!!!!!!! CHECK TABLE : ('ecommerce_db', 'public', 'card_bookmark', 'BASE TABLE', None, None, None, None, None, 'YES', 'NO', None)
[2023-09-15T15:41:14.469+0000] {logging_mixin.py:150} INFO - !!!!!!!!!!!!!!! CHECK TABLE : ('ecommerce_db', 'public', 'secret', 'BASE TABLE', None, None, None, None, None, 'YES', 'NO', None)
[2023-09-15T15:41:14.471+0000] {logging_mixin.py:150} INFO - !!!!!!!!!!!!!!! CHECK TABLE : ('ecommerce_db', 'public', 'timeline_event', 'BASE TABLE', None, None, None, None, None, 'YES', 'NO', None)
[2023-09-15T15:41:14.472+0000] {logging_mixin.py:150} INFO - !!!!!!!!!!!!!!! CHECK TABLE : ('ecommerce_db', 'public', 'dashboard_bookmark', 'BASE TABLE', None, None, None, None, None, 'YES', 'NO', None)
[2023-09-15T15:41:14.476+0000] {logging_mixin.py:150} INFO - !!!!!!!!!!!!!!! CHECK TABLE : ('ecommerce_db', 'public', 'collection_bookmark', 'BASE TABLE', None, None, None, None, None, 'YES', 'NO', None)
[2023-09-15T15:41:14.478+0000] {logging_mixin.py:150} INFO - !!!!!!!!!!!!!!! CHECK TABLE : ('ecommerce_db', 'public', 'timeline', 'BASE TABLE', None, None, None, None, None, 'YES', 'NO', None)
[2023-09-15T15:41:14.479+0000] {logging_mixin.py:150} INFO - !!!!!!!!!!!!!!! CHECK TABLE : ('ecommerce_db', 'public', 'bookmark_ordering', 'BASE TABLE', None, None, None, None, None, 'YES', 'NO', None)
[2023-09-15T15:41:14.481+0000] {logging_mixin.py:150} INFO - !!!!!!!!!!!!!!! CHECK TABLE : ('ecommerce_db', 'public', 'application_permissions_revision', 'BASE TABLE', None, None, None, None, None, 'YES', 'NO', None)
[2023-09-15T15:41:14.482+0000] {logging_mixin.py:150} INFO - !!!!!!!!!!!!!!! CHECK TABLE : ('ecommerce_db', 'public', 'persisted_info', 'BASE TABLE', None, None, None, None, None, 'YES', 'NO', None)
[2023-09-15T15:41:14.483+0000] {logging_mixin.py:150} INFO - !!!!!!!!!!!!!!! CHECK TABLE : ('ecommerce_db', 'public', 'http_action', 'BASE TABLE', None, None, None, None, None, 'YES', 'NO', None)
[2023-09-15T15:41:14.487+0000] {logging_mixin.py:150} INFO - !!!!!!!!!!!!!!! CHECK TABLE : ('ecommerce_db', 'public', 'action', 'BASE TABLE', None, None, None, None, None, 'YES', 'NO', None)
[2023-09-15T15:41:14.489+0000] {logging_mixin.py:150} INFO - !!!!!!!!!!!!!!! CHECK TABLE : ('ecommerce_db', 'public', 'query_action', 'BASE TABLE', None, None, None, None, None, 'YES', 'NO', None)
[2023-09-15T15:41:14.491+0000] {logging_mixin.py:150} INFO - !!!!!!!!!!!!!!! CHECK TABLE : ('ecommerce_db', 'public', 'implicit_action', 'BASE TABLE', None, None, None, None, None, 'YES', 'NO', None)
[2023-09-15T15:41:14.493+0000] {logging_mixin.py:150} INFO - !!!!!!!!!!!!!!! CHECK TABLE : ('ecommerce_db', 'public', 'parameter_card', 'BASE TABLE', None, None, None, None, None, 'YES', 'NO', None)
[2023-09-15T15:41:14.494+0000] {logging_mixin.py:150} INFO - !!!!!!!!!!!!!!! CHECK TABLE : ('ecommerce_db', 'public', 'dashboard_tab', 'BASE TABLE', None, None, None, None, None, 'YES', 'NO', None)
[2023-09-15T15:41:14.496+0000] {logging_mixin.py:150} INFO - !!!!!!!!!!!!!!! CHECK TABLE : ('ecommerce_db', 'public', 'model_index', 'BASE TABLE', None, None, None, None, None, 'YES', 'NO', None)
[2023-09-15T15:41:14.497+0000] {logging_mixin.py:150} INFO - !!!!!!!!!!!!!!! CHECK TABLE : ('ecommerce_db', 'public', 'model_index_value', 'BASE TABLE', None, None, None, None, None, 'YES', 'NO', None)
[2023-09-15T15:41:14.498+0000] {logging_mixin.py:150} INFO - !!!!!!!!!!!!!!! CHECK TABLE : ('ecommerce_db', 'public', 'connection_impersonations', 'BASE TABLE', None, None, None, None, None, 'YES', 'NO', None)
[2023-09-15T15:41:14.500+0000] {python.py:183} INFO - Done. Returned value was: None
[2023-09-15T15:41:14.502+0000] {python.py:216} INFO - Branch callable return None
[2023-09-15T15:41:14.504+0000] {skipmixin.py:164} INFO - Following branch None
[2023-09-15T15:41:14.509+0000] {skipmixin.py:224} INFO - Skipping tasks ['predata_maker.pre_make_group_task_start', 'data_maker.make_group_task_start']
[2023-09-15T15:41:14.559+0000] {taskinstance.py:1345} INFO - Marking task as SUCCESS. dag_id=eCommerce_ETL_dag, task_id=branching, execution_date=20230915T154110, start_date=20230915T154113, end_date=20230915T154114
[2023-09-15T15:41:14.596+0000] {local_task_job_runner.py:225} INFO - Task exited with return code 0
[2023-09-15T15:41:14.634+0000] {taskinstance.py:2653} INFO - 0 downstream tasks scheduled from follow-on schedule check
